::1 - - [29/Dec/2022:02:42:04 +0000] "GET /api/auth/external/google/login HTTP/1.1" 302 592
::1 - - [29/Dec/2022:02:58:58 +0000] "GET /api/auth/external/google/login HTTP/1.1" 302 592
::1 - - [29/Dec/2022:03:17:14 +0000] "GET /api/auth/external/google/login HTTP/1.1" 302 592
::1 - - [29/Dec/2022:05:47:02 +0000] "GET /api/auth/external/google/login HTTP/1.1" 302 580
::1 - - [29/Dec/2022:06:41:17 +0000] "GET /api/auth/external/google/login HTTP/1.1" 302 580
::1 - - [29/Dec/2022:06:42:34 +0000] "GET /api/auth/external/google/login HTTP/1.1" 302 580
::1 - - [29/Dec/2022:06:42:39 +0000] "GET /google/callback/login&&state=undefined&scope= HTTP/1.1" 404 196
::1 - - [29/Dec/2022:06:42:47 +0000] "GET /google/callback/login&&state=undefined&scope= HTTP/1.1" 404 196
::1 - - [29/Dec/2022:06:46:54 +0000] "GET /api/auth/external/google/login HTTP/1.1" 302 580
::1 - - [29/Dec/2022:06:47:02 +0000] "GET /api/auth/external/google/callback/login&&state=undefined&scope= HTTP/1.1" 401 -
::1 - - [29/Dec/2022:06:47:02 +0000] "GET /favicon.ico HTTP/1.1" 404 150
::1 - - [29/Dec/2022:06:47:10 +0000] "GET /api/auth/external/google/callback/login&&state=undefined&scope= HTTP/1.1" 401 -
::1 - - [29/Dec/2022:12:02:35 +0000] "GET /api/auth/external/google/login/login HTTP/1.1" 401 -
::1 - - [29/Dec/2022:12:02:46 +0000] "GET /api/auth/external/google/login/login HTTP/1.1" 401 -
::1 - - [29/Dec/2022:12:02:57 +0000] "GET /api/auth/external/google/login/login HTTP/1.1" 401 -
::1 - - [29/Dec/2022:12:03:27 +0000] "GET /api/auth/external/google/login/ HTTP/1.1" 302 580
::1 - - [29/Dec/2022:12:03:34 +0000] "GET /api/auth/external/google/login/log HTTP/1.1" 401 -
::1 - - [29/Dec/2022:12:03:49 +0000] "GET /api/auth/external/google/callback/login&&state=undefined&scope= HTTP/1.1" 401 -
::1 - - [29/Dec/2022:12:03:55 +0000] "GET /api/auth/external/google/callback/login&&state=undefined&scope= HTTP/1.1" 401 -
::1 - - [29/Dec/2022:12:28:48 +0000] "GET /api/auth/external/google/callback/login&&state=undefined&scope= HTTP/1.1" 401 -
::1 - - [29/Dec/2022:13:34:53 +0000] "GET /api/auth/external/google/login HTTP/1.1" 302 274
::1 - - [29/Dec/2022:13:52:08 +0000] "GET /api/auth/external/google/login HTTP/1.1" 302 274
::1 - - [29/Dec/2022:14:11:59 +0000] "GET /api/auth/external/google/login HTTP/1.1" 302 274
::1 - - [29/Dec/2022:14:22:34 +0000] "GET /api/auth/external/google/login HTTP/1.1" 302 274
::1 - - [29/Dec/2022:14:41:20 +0000] "GET /api/auth/external/google/login HTTP/1.1" 302 274
::1 - - [29/Dec/2022:14:50:09 +0000] "GET /api/auth/external/google/login HTTP/1.1" 302 274
::1 - - [29/Dec/2022:15:16:27 +0000] "GET /api/auth/external/google/login HTTP/1.1" 302 274
::1 - - [29/Dec/2022:16:36:05 +0000] "GET /api/auth/external/google/login HTTP/1.1" 302 274
::1 - - [29/Dec/2022:16:37:20 +0000] "GET /api/auth/external/google/login HTTP/1.1" 302 274
::1 - - [29/Dec/2022:16:38:28 +0000] "GET /api/auth/external/google/login HTTP/1.1" 302 274
::1 - - [29/Dec/2022:17:18:03 +0000] "GET /api/auth/external/google/login HTTP/1.1" 302 274
::1 - - [29/Dec/2022:17:44:56 +0000] "GET /api/auth/external/google/login HTTP/1.1" 302 648
::1 - - [29/Dec/2022:17:45:02 +0000] "GET /api/auth/external/google/callback?state=LzO5r2L5CWMRkBz1DNurh5dEiJBG7H2k&code=4%2F0AWgavdfuFxbhMHoJM2ypoVZJfgIs85E9Re-13l5vAdI1YvpU4rH5594ClOo-k5CzHXKctA&scope=email+profile+openid+https%3A%2F%2Fwww.googleapis.com%2Fauth%2Fuserinfo.email+https%3A%2F%2Fwww.googleapis.com%2Fauth%2Fuserinfo.profile&authuser=0&prompt=consent HTTP/1.1" 302 648
::1 - - [29/Dec/2022:17:45:59 +0000] "GET /api/auth/external/google/callback?state=p9PScn7rz9A7gmCMOjvx6IlH30AldDfb&code=4%2F0AWgavdeEZu1blbhMkLhBQL2AYsyZTtK3qJgH2eLWxaeTSoe8I8Q0wOzLKTq0dDNIRuV6aA&scope=email+profile+openid+https%3A%2F%2Fwww.googleapis.com%2Fauth%2Fuserinfo.email+https%3A%2F%2Fwww.googleapis.com%2Fauth%2Fuserinfo.profile&authuser=0&prompt=consent HTTP/1.1" 302 648
::1 - - [29/Dec/2022:17:50:15 +0000] "GET /api/auth/external/google/login HTTP/1.1" 302 648
::1 - - [29/Dec/2022:17:51:48 +0000] "GET /api/auth/external/google/login HTTP/1.1" 302 660
::1 - - [29/Dec/2022:17:51:55 +0000] "GET /api/auth/external/google/callback/login?state=vpGMfyat5Jjym7CWKWFcV11yZ4dku3Oy&code=4%2F0AWgavdeH7LPGQEJVpirgrLsTo_Rkj8NUhG5YpG0dgI2uY7yk422IRzPmCZfqLNeapK6Pbg&scope=email+profile+openid+https%3A%2F%2Fwww.googleapis.com%2Fauth%2Fuserinfo.email+https%3A%2F%2Fwww.googleapis.com%2Fauth%2Fuserinfo.profile&authuser=0&prompt=consent HTTP/1.1" 302 174
::1 - - [29/Dec/2022:17:51:55 +0000] "GET /login?msg=Error:%20Request%20failed%20with%20status%20code%20400 HTTP/1.1" 404 144
::1 - - [29/Dec/2022:17:52:02 +0000] "GET /login?msg=Error:%20Request%20failed%20with%20status%20code%20400 HTTP/1.1" 404 144
::1 - - [29/Dec/2022:18:12:59 +0000] "GET /api/auth/external/google/login HTTP/1.1" 302 660
::1 - - [29/Dec/2022:18:16:02 +0000] "GET /api/auth/external/google/login HTTP/1.1" 302 660
::1 - - [29/Dec/2022:18:20:52 +0000] "GET /api/auth/external/google/login HTTP/1.1" 302 660
::1 - - [29/Dec/2022:18:22:02 +0000] "GET /api/auth/external/google/callback/login?state=0vDgczwk03GBWz8ojZqOLqQ7jABLxxd9&code=4%2F0AWgavdeJT8ounLHdkIfSoi81xm9hwBLJ0qWsObonV8_xtiCJ-pXTlqWZZxYa-uCLBcbwww&scope=email+profile+openid+https%3A%2F%2Fwww.googleapis.com%2Fauth%2Fuserinfo.email+https%3A%2F%2Fwww.googleapis.com%2Fauth%2Fuserinfo.profile&authuser=1&prompt=consent HTTP/1.1" 302 174
::1 - - [29/Dec/2022:18:22:02 +0000] "GET /login?msg=Error:%20Request%20failed%20with%20status%20code%20400 HTTP/1.1" 404 144
::1 - - [29/Dec/2022:18:22:10 +0000] "GET /login?msg=Error:%20Request%20failed%20with%20status%20code%20400 HTTP/1.1" 404 144
