::1 - - [28/Dec/2022:11:36:55 +0000] "GET /login HTTP/1.1" 404 144
::1 - - [28/Dec/2022:11:37:02 +0000] "GET / HTTP/1.1" 404 139
::1 - - [28/Dec/2022:11:37:09 +0000] "GET /login HTTP/1.1" 404 144
::1 - - [28/Dec/2022:11:37:15 +0000] "GET / HTTP/1.1" 404 139
::1 - - [28/Dec/2022:11:38:33 +0000] "GET /api HTTP/1.1" 401 -
::1 - - [28/Dec/2022:11:38:38 +0000] "GET /api HTTP/1.1" 401 -
::1 - - [28/Dec/2022:11:38:44 +0000] "GET /api/auth HTTP/1.1" 401 -
::1 - - [28/Dec/2022:11:38:49 +0000] "GET /api/auth HTTP/1.1" 401 -
::1 - - [28/Dec/2022:11:41:46 +0000] "GET /api/auth/signup HTTP/1.1" 401 -
::1 - - [28/Dec/2022:11:41:50 +0000] "GET /api/auth/si HTTP/1.1" 401 -
::1 - - [28/Dec/2022:11:41:55 +0000] "GET /api/auth/signup HTTP/1.1" 401 -
::1 - - [28/Dec/2022:11:42:18 +0000] "GET /api/auth/external HTTP/1.1" 401 -
::1 - - [28/Dec/2022:11:42:25 +0000] "GET /api/auth/external HTTP/1.1" 401 -
::1 - - [28/Dec/2022:11:43:15 +0000] "OPTIONS /api/auth/signup HTTP/1.1" 204 0
::1 - - [28/Dec/2022:11:43:15 +0000] "POST /api/auth/signup HTTP/1.1" 204 -
::1 - - [28/Dec/2022:11:49:00 +0000] "GET /api/auth/external HTTP/1.1" 401 -
::1 - - [28/Dec/2022:11:55:20 +0000] "OPTIONS /api/auth/signup HTTP/1.1" 204 0
::1 - - [28/Dec/2022:11:55:21 +0000] "POST /api/auth/signup HTTP/1.1" 204 -
::1 - - [28/Dec/2022:12:09:00 +0000] "GET /api/auth/external HTTP/1.1" 401 -
::1 - - [28/Dec/2022:12:54:08 +0000] "GET /api/auth/external HTTP/1.1" 401 -
::1 - - [28/Dec/2022:13:11:46 +0000] "GET /api/auth/external/google/login HTTP/1.1" 302 584
::1 - - [28/Dec/2022:13:25:34 +0000] "GET /api/auth/external/google/login HTTP/1.1" 302 658
::1 - - [28/Dec/2022:13:30:33 +0000] "GET /api/auth/external/google/login HTTP/1.1" 302 658
::1 - - [28/Dec/2022:13:45:17 +0000] "GET /api/auth/external/google/login HTTP/1.1" 302 658
::1 - - [28/Dec/2022:13:46:06 +0000] "GET /api/auth/external/google/login HTTP/1.1" 302 592
::1 - - [28/Dec/2022:14:42:26 +0000] "GET /api/auth/external/google/login HTTP/1.1" 302 592
