::1 - - [29/Dec/2022:18:34:55 +0000] "POST /api/auth/login HTTP/1.1" 200 225
::1 - - [29/Dec/2022:18:35:12 +0000] "GET /api/auth/logout HTTP/1.1" 204 -
::1 - - [29/Dec/2022:18:35:18 +0000] "GET /api/auth/external/google/login HTTP/1.1" 302 660
::1 - - [29/Dec/2022:18:35:24 +0000] "GET /api/auth/external/google/callback/login?state=JsUlwYSN4apuyKVaUCHGqWzfKu8BtVjc&code=4%2F0AWgavdeiy7Mjj59u34rFZph1rebfuqcwOhL0DIMFxKdcp-dOkMBTwoY-cgW6JRBrnLJUDQ&scope=email+profile+openid+https%3A%2F%2Fwww.googleapis.com%2Fauth%2Fuserinfo.email+https%3A%2F%2Fwww.googleapis.com%2Fauth%2Fuserinfo.profile&authuser=1&prompt=consent HTTP/1.1" 302 174
::1 - - [29/Dec/2022:18:35:24 +0000] "GET /login?msg=Error:%20Request%20failed%20with%20status%20code%20400 HTTP/1.1" 404 144
::1 - - [29/Dec/2022:18:35:31 +0000] "GET /login?msg=Error:%20Request%20failed%20with%20status%20code%20400 HTTP/1.1" 404 144
::1 - - [29/Dec/2022:18:42:16 +0000] "GET /api/auth/external/google/login HTTP/1.1" 302 660
::1 - - [29/Dec/2022:18:42:22 +0000] "GET /api/auth/external/google/callback/login?state=k5b9OEvdyOvvblVvtY0pH9QTAmCXHzaQ&code=4%2F0AWgavdf6jfzuy5Z9O5cZP1FIM0HJOuoyCUjSkXTB-g462-Eu6oPYgTGVnilleqDRvBRx2w&scope=email+profile+openid+https%3A%2F%2Fwww.googleapis.com%2Fauth%2Fuserinfo.email+https%3A%2F%2Fwww.googleapis.com%2Fauth%2Fuserinfo.profile&authuser=1&prompt=consent HTTP/1.1" 302 198
::1 - - [29/Dec/2022:18:58:39 +0000] "GET /api/auth/external/google/login HTTP/1.1" 302 660
::1 - - [29/Dec/2022:18:58:46 +0000] "GET /api/auth/external/google/callback/login?state=WLKp7tbKUFMryFUK9z1CHtBBvs2UNs7G&code=4%2F0AWgavdd2HC7IiECipwcTi4aaDgCG_aSPr2a4zuYD2NxfbBzhpc_Dawwogvws3G2q3J2ReQ&scope=email+profile+openid+https%3A%2F%2Fwww.googleapis.com%2Fauth%2Fuserinfo.email+https%3A%2F%2Fwww.googleapis.com%2Fauth%2Fuserinfo.profile&authuser=1&prompt=consent HTTP/1.1" 302 198
::1 - - [29/Dec/2022:19:01:31 +0000] "GET /api/auth/external/google/login HTTP/1.1" 302 660
::1 - - [29/Dec/2022:19:01:38 +0000] "GET /api/auth/external/google/callback/login?state=54d8u12dvkCjkXQZiMWQEpHnarQzEN9i&code=4%2F0AWgavddR00kqivBYB78a5F_vnF2YfiVoshdBwEnvd_k71yb5YLLw47iBECAn6F5WLjE7ww&scope=email+profile+openid+https%3A%2F%2Fwww.googleapis.com%2Fauth%2Fuserinfo.email+https%3A%2F%2Fwww.googleapis.com%2Fauth%2Fuserinfo.profile&authuser=0&prompt=consent HTTP/1.1" 302 198
::1 - - [29/Dec/2022:19:02:17 +0000] "GET /api/auth/external/google/login HTTP/1.1" 302 660
::1 - - [29/Dec/2022:19:02:17 +0000] "GET /api/auth/external/google/callback/login?state=X3bVdPbz9xdPWLpc3g9Tckswbdjx7FFV&code=4%2F0AWgavdc8W0WGtgsCkLv3H4hdV9pj58no8wZDu3i-C8FxzjlXoUVIwE3ExZ4CVTjJ1UsfZA&scope=email+profile+openid+https%3A%2F%2Fwww.googleapis.com%2Fauth%2Fuserinfo.email+https%3A%2F%2Fwww.googleapis.com%2Fauth%2Fuserinfo.profile&authuser=0&prompt=none HTTP/1.1" 302 198
::1 - - [29/Dec/2022:19:02:36 +0000] "GET /api/auth/external/google/login HTTP/1.1" 302 660
::1 - - [29/Dec/2022:19:02:42 +0000] "GET /api/auth/external/google/callback/login?state=6xj4pghpMBYUtPEIJq9PBRkKhXGma3u8&code=4%2F0AWgavdfZ6GO5WmNwychRJMx8pNy6YfLpyRa8EaA58c0Q0wg11DzT5frhIQlNJSvLcI_t5w&scope=email+profile+openid+https%3A%2F%2Fwww.googleapis.com%2Fauth%2Fuserinfo.email+https%3A%2F%2Fwww.googleapis.com%2Fauth%2Fuserinfo.profile&authuser=0&prompt=consent HTTP/1.1" 302 198
::1 - - [30/Dec/2022:01:16:17 +0000] "GET /api/auth/external/google/login HTTP/1.1" 302 660
::1 - - [30/Dec/2022:01:16:23 +0000] "GET /api/auth/external/google/callback/login?state=Ueqr5g6hIYKEzEMZ8n90bzWj7rVFKSz1&code=4%2F0AWgavde0tvUi6AzXwEQ-S4gaX3jLUHNuguSj_Medk-UGXHkmUK_YTXp0e6bTjSG2IlsfDA&scope=email+profile+openid+https%3A%2F%2Fwww.googleapis.com%2Fauth%2Fuserinfo.email+https%3A%2F%2Fwww.googleapis.com%2Fauth%2Fuserinfo.profile&authuser=1&prompt=consent HTTP/1.1" 302 198
::1 - - [30/Dec/2022:01:22:32 +0000] "GET /api/auth/external/google/login HTTP/1.1" 302 660
::1 - - [30/Dec/2022:01:22:38 +0000] "GET /api/auth/external/google/callback/login?state=7ILjJ4w0gTwX76cALp7bBDbcMzPZSeca&code=4%2F0AWgavdeMLq8T1zQszAyEImttXyQ26e72x5LQchXPPMZj3kb8nC5E2SAjL8JM4ZbfITwElQ&scope=email+profile+openid+https%3A%2F%2Fwww.googleapis.com%2Fauth%2Fuserinfo.email+https%3A%2F%2Fwww.googleapis.com%2Fauth%2Fuserinfo.profile&authuser=1&prompt=consent HTTP/1.1" 302 198
::1 - - [30/Dec/2022:01:28:02 +0000] "GET /api/auth/external/google/login HTTP/1.1" 302 660
::1 - - [30/Dec/2022:01:28:08 +0000] "GET /api/auth/external/google/callback/login?state=GeZ0KV7GWIb2uxSfMtweIxs3AjDvc02z&code=4%2F0AWgavddUXoAD6YwVCbVYDyLthaTG35UFggjRG7JwfdLxpePoMqxqcfJ9RXI-pK-HlF-TDQ&scope=email+profile+openid+https%3A%2F%2Fwww.googleapis.com%2Fauth%2Fuserinfo.email+https%3A%2F%2Fwww.googleapis.com%2Fauth%2Fuserinfo.profile&authuser=1&prompt=consent HTTP/1.1" 302 198
::1 - - [30/Dec/2022:01:33:33 +0000] "GET /api/auth/external/google/login HTTP/1.1" 302 660
::1 - - [30/Dec/2022:01:33:38 +0000] "GET /api/auth/external/google/callback/login?state=vBsQW1RMQUmhD21sPyUsiAp38a1Ne5ln&code=4%2F0AWgavdc5dCGBVy_MLgUHd-fsylizJwtYSfrt7iC2JrZgXyno4nmgZ8dW7u8CmEBu4Dwg6Q&scope=email+profile+openid+https%3A%2F%2Fwww.googleapis.com%2Fauth%2Fuserinfo.email+https%3A%2F%2Fwww.googleapis.com%2Fauth%2Fuserinfo.profile&authuser=1&prompt=consent HTTP/1.1" 302 46
::1 - - [30/Dec/2022:01:33:38 +0000] "GET / HTTP/1.1" 404 139
::1 - - [30/Dec/2022:01:51:06 +0000] "GET / HTTP/1.1" 404 139
::1 - - [30/Dec/2022:01:56:40 +0000] "GET /api/auth/external/google/login HTTP/1.1" 302 660
::1 - - [30/Dec/2022:01:56:47 +0000] "GET /api/auth/external/google/callback/login?state=4ZPyaUx4BNL3fYCoppiXwRiuFomz3Jqz&code=4%2F0AWgavdd-iuBjVINZMC2kaC9DR9XJEwJJoYTx2rJ10cq-jJs2AxleGdRRultGi2CtDeiyiQ&scope=email+profile+openid+https%3A%2F%2Fwww.googleapis.com%2Fauth%2Fuserinfo.email+https%3A%2F%2Fwww.googleapis.com%2Fauth%2Fuserinfo.profile&authuser=1&prompt=consent HTTP/1.1" 302 46
::1 - - [30/Dec/2022:01:56:47 +0000] "GET / HTTP/1.1" 404 139
::1 - - [30/Dec/2022:01:56:57 +0000] "GET / HTTP/1.1" 404 139
::1 - - [30/Dec/2022:02:18:51 +0000] "GET /api/auth/external/google/login HTTP/1.1" 302 660
::1 - - [30/Dec/2022:02:18:56 +0000] "GET /api/auth/external/google/callback/login?state=RXGjY62TVWDPRYedO4ZHT3hI9ZAFqrP1&code=4%2F0AWgavdeRm9CKp6_cSmH0mgo4MbWT5IQ4LsOzjRt1w0YplG8n33lIEgL_O7Kc3uwpb4lcVw&scope=email+profile+openid+https%3A%2F%2Fwww.googleapis.com%2Fauth%2Fuserinfo.email+https%3A%2F%2Fwww.googleapis.com%2Fauth%2Fuserinfo.profile&authuser=1&prompt=consent HTTP/1.1" 302 100
::1 - - [30/Dec/2022:02:45:36 +0000] "GET /api/auth/external/google/login HTTP/1.1" 302 660
::1 - - [30/Dec/2022:02:45:41 +0000] "GET /api/auth/external/google/callback/login?state=cOlvrCv5U0bj4vPQaoYTmv0dbA1gesqs&code=4%2F0AWgavdeI2O-QfJm8pmAEBlGJbkTiuET5R5ZyBG70yowk1WN_gSoF53qJtNfBQnf-Nzewgw&scope=email+profile+openid+https%3A%2F%2Fwww.googleapis.com%2Fauth%2Fuserinfo.email+https%3A%2F%2Fwww.googleapis.com%2Fauth%2Fuserinfo.profile&authuser=1&prompt=consent HTTP/1.1" 302 212
::1 - - [30/Dec/2022:03:36:33 +0000] "GET /api/auth/external/google/login HTTP/1.1" 302 660
::1 - - [30/Dec/2022:03:36:40 +0000] "GET /api/auth/external/google/callback/login?state=T5ubDLRV2XRIcy9fvVQOcxvB3W7MYHj7&code=4%2F0AWgavdfMFj9ZvS8UDRO80li2YkCNmN21A0TQ0SSH0FPfUIPU-VKkHedPluMGgP9E81Oy3w&scope=email+profile+openid+https%3A%2F%2Fwww.googleapis.com%2Fauth%2Fuserinfo.email+https%3A%2F%2Fwww.googleapis.com%2Fauth%2Fuserinfo.profile&authuser=1&prompt=consent HTTP/1.1" 302 546
::1 - - [30/Dec/2022:03:54:16 +0000] "GET /api/auth/external/google/login HTTP/1.1" 302 660
::1 - - [30/Dec/2022:03:54:21 +0000] "GET /api/auth/external/google/callback/login?state=QYIQKoAnIEHmAL8CWisT4DH0JxreHV8q&code=4%2F0AWgavdeITjsMZr6AwUZnuPc7AP284pqwaOYmO6udETUNsHgrn3wcOXfq6CPcu95rqFO-0Q&scope=email+profile+openid+https%3A%2F%2Fwww.googleapis.com%2Fauth%2Fuserinfo.email+https%3A%2F%2Fwww.googleapis.com%2Fauth%2Fuserinfo.profile&authuser=1&prompt=consent HTTP/1.1" 302 546
::1 - - [30/Dec/2022:03:59:39 +0000] "GET /api/auth/external/google/login HTTP/1.1" 302 660
::1 - - [30/Dec/2022:03:59:44 +0000] "GET /api/auth/external/google/callback/login?state=GotJ4LHmPu5H2lTWO03LNI4imECxrYRr&code=4%2F0AWgavddTIVwD8Qw9yefD0ViJ5qW8kfzF3p2O5pkpEkhQ5HtE2Ma0Sg47lfxyv3fCgTr_VQ&scope=email+profile+openid+https%3A%2F%2Fwww.googleapis.com%2Fauth%2Fuserinfo.email+https%3A%2F%2Fwww.googleapis.com%2Fauth%2Fuserinfo.profile&authuser=1&prompt=consent HTTP/1.1" 302 538
::1 - - [30/Dec/2022:04:00:47 +0000] "GET /api/auth/external/google/login HTTP/1.1" 302 660
::1 - - [30/Dec/2022:04:00:52 +0000] "GET /api/auth/external/google/callback/login?state=UWDdfUmfBcwX79bQFJNHxr8HbFmbnS7j&code=4%2F0AWgavdem-fVBHJAAUy5gqYDwkhegD1mkUyUqfABWpS7_m1fOtt5PwUQIa5vGhCB2XWQmEg&scope=email+profile+openid+https%3A%2F%2Fwww.googleapis.com%2Fauth%2Fuserinfo.email+https%3A%2F%2Fwww.googleapis.com%2Fauth%2Fuserinfo.profile&authuser=1&prompt=consent HTTP/1.1" 302 538
::1 - - [30/Dec/2022:04:59:21 +0000] "GET /api/auth/external/google/login HTTP/1.1" 302 660
::1 - - [30/Dec/2022:04:59:26 +0000] "GET /api/auth/external/google/callback/login?state=XN6ZUWVNfbjAICSffS0tut342Z1SbxxH&code=4%2F0AWgavde09STufXOglLPcdZHvUIw4xbCymp3A7TBVFmWqDjr4MWDiD93ON1WUVutfHzxpnQ&scope=email+profile+openid+https%3A%2F%2Fwww.googleapis.com%2Fauth%2Fuserinfo.email+https%3A%2F%2Fwww.googleapis.com%2Fauth%2Fuserinfo.profile&authuser=1&prompt=consent HTTP/1.1" 302 126
::1 - - [30/Dec/2022:05:07:57 +0000] "GET /api/auth/external/google/login HTTP/1.1" 302 660
::1 - - [30/Dec/2022:05:08:05 +0000] "GET /api/auth/external/google/callback/login?state=GPKt3KTZtNDbYi2LKT3hoNSqEtfih5f1&code=4%2F0AWgavdel7dBibNAkZ-I1DZrr3qUx0D2-_Xac6DoacP9kKrCvRfzssFu4K59uYptQ0us4fw&scope=email+profile+openid+https%3A%2F%2Fwww.googleapis.com%2Fauth%2Fuserinfo.email+https%3A%2F%2Fwww.googleapis.com%2Fauth%2Fuserinfo.profile&authuser=1&prompt=consent HTTP/1.1" 302 126
::1 - - [30/Dec/2022:05:13:28 +0000] "GET /api/auth/external/google/login HTTP/1.1" 302 660
::1 - - [30/Dec/2022:05:13:33 +0000] "GET /api/auth/external/google/callback/login?state=zuS23aqlPeenIlXcnlhKMw9tqlAX6PSA&code=4%2F0AWgavdcVAP1uLlRBaCNREa4eqkELO66FGr08xDbDP1nsJ0CRaRPD3BxXrt1EWK1KxMF9TA&scope=email+profile+openid+https%3A%2F%2Fwww.googleapis.com%2Fauth%2Fuserinfo.email+https%3A%2F%2Fwww.googleapis.com%2Fauth%2Fuserinfo.profile&authuser=1&prompt=consent HTTP/1.1" 302 126
::1 - - [30/Dec/2022:05:58:27 +0000] "GET /api/auth/external/google/login HTTP/1.1" 302 660
::1 - - [30/Dec/2022:05:58:34 +0000] "GET /api/auth/external/google/callback/login?state=kqAEZIN75WHgh2dyFtwxgt7w7J2Yo6tw&code=4%2F0AWgavdc3HoC-CE50q0Wka_b0_6Y6vQnJ8fgRg0Qe6AKFykKcgF2pBfyGzSPzVGxxa4nrEg&scope=email+profile+openid+https%3A%2F%2Fwww.googleapis.com%2Fauth%2Fuserinfo.email+https%3A%2F%2Fwww.googleapis.com%2Fauth%2Fuserinfo.profile&authuser=1&prompt=consent HTTP/1.1" 302 612
::1 - - [30/Dec/2022:06:06:35 +0000] "GET /api/auth/external/google/login HTTP/1.1" 302 660
::1 - - [30/Dec/2022:06:06:40 +0000] "GET /api/auth/external/google/callback/login?state=wZT0cyM2ju3PjfeqMZ5nScEXsLZtjPrN&code=4%2F0AWgavddVteaBNZ2fU7zE_kkOeqnt-iuVF1iReQxZ-yBDTkBm_BxhGTVsPZq8eNBwy_I3JA&scope=email+profile+openid+https%3A%2F%2Fwww.googleapis.com%2Fauth%2Fuserinfo.email+https%3A%2F%2Fwww.googleapis.com%2Fauth%2Fuserinfo.profile&authuser=1&prompt=consent HTTP/1.1" 302 612
::1 - - [30/Dec/2022:06:21:46 +0000] "GET /api/auth/external/google/login HTTP/1.1" 302 660
::1 - - [30/Dec/2022:06:21:51 +0000] "GET /api/auth/external/google/callback/login?state=ov1oCtkR5CiFJzivMrERIjdMI0WbElvr&code=4%2F0AWgavdfkm5v1QrZVwGQ6VpXJFEan35-Rn7pkq-8KXVt9h9Y-dpPcNpfRilA3nnuSUhJoGA&scope=email+profile+openid+https%3A%2F%2Fwww.googleapis.com%2Fauth%2Fuserinfo.email+https%3A%2F%2Fwww.googleapis.com%2Fauth%2Fuserinfo.profile&authuser=1&prompt=consent HTTP/1.1" 302 612
::1 - - [30/Dec/2022:06:32:50 +0000] "GET /api/auth/external/google/login HTTP/1.1" 302 660
::1 - - [30/Dec/2022:06:32:56 +0000] "GET /api/auth/external/google/callback/login?state=OMsZXj0ovhWnzL260N0SjzuDSEcn0kNu&code=4%2F0AWgavdd3PCXlQj24lOWGcfw--3iI73FmcTk9cTQt_USG-wFjg8utKk8VYx60X5atNSj0lQ&scope=email+profile+openid+https%3A%2F%2Fwww.googleapis.com%2Fauth%2Fuserinfo.email+https%3A%2F%2Fwww.googleapis.com%2Fauth%2Fuserinfo.profile&authuser=1&prompt=consent HTTP/1.1" 302 612
::1 - - [30/Dec/2022:06:38:04 +0000] "POST /api/auth/login HTTP/1.1" 200 225
::1 - - [30/Dec/2022:06:51:38 +0000] "POST /api/auth/login HTTP/1.1" 200 225
::1 - - [30/Dec/2022:06:53:30 +0000] "POST /api/auth/login HTTP/1.1" 200 263
::1 - - [30/Dec/2022:06:58:56 +0000] "POST /api/auth/login HTTP/1.1" 200 225
::1 - - [30/Dec/2022:07:13:01 +0000] "POST /api/auth/login HTTP/1.1" 200 225
::1 - - [30/Dec/2022:07:17:32 +0000] "POST /api/auth/login HTTP/1.1" 200 225
::1 - - [30/Dec/2022:07:19:21 +0000] "POST /api/auth/login HTTP/1.1" 200 225
::1 - - [30/Dec/2022:07:21:13 +0000] "POST /api/auth/login HTTP/1.1" 200 225
::1 - - [30/Dec/2022:07:31:34 +0000] "POST /api/auth/login HTTP/1.1" 200 225
::1 - - [30/Dec/2022:07:43:39 +0000] "GET /api/auth/logout HTTP/1.1" 204 -
::1 - - [30/Dec/2022:07:45:21 +0000] "GET /api/auth/external/google/login HTTP/1.1" 302 660
::1 - - [30/Dec/2022:07:45:27 +0000] "GET /api/auth/external/google/callback/login?state=0i3fzArrmZUIE0kzmmHCLIDhpEhfNsF0&code=4%2F0AWgavdeULrKoRTf5rUTWzVhE-a1cIdmlfc7XWbaM_k4VuEezHs61z6K21sq0y7Waugai5A&scope=email+profile+openid+https%3A%2F%2Fwww.googleapis.com%2Fauth%2Fuserinfo.email+https%3A%2F%2Fwww.googleapis.com%2Fauth%2Fuserinfo.profile&authuser=1&prompt=consent HTTP/1.1" 302 612
::1 - - [30/Dec/2022:07:57:57 +0000] "GET /api/auth/logout HTTP/1.1" 204 -
::1 - - [30/Dec/2022:08:06:38 +0000] "GET /api/auth/external/google/login HTTP/1.1" 302 660
::1 - - [31/Dec/2022:05:22:01 +0000] "GET /api/auth/logout HTTP/1.1" 204 -
::1 - - [31/Dec/2022:05:22:35 +0000] "GET /api/auth/external/google/login HTTP/1.1" 302 660
::1 - - [31/Dec/2022:05:23:39 +0000] "GET /api/auth/external/google/login HTTP/1.1" 302 660
::1 - - [31/Dec/2022:05:45:30 +0000] "GET /api/auth/external/google/login HTTP/1.1" 302 660
::1 - - [31/Dec/2022:05:45:42 +0000] "GET /api/auth/external/google/callback/login?state=cpdWofBIjtIsz5fcBbCtcOL4Pd9Xrtkd&code=4%2F0AWgavdcqiO0XXNQlFLYlY2J6sgn169nNvoYm0wpdbav9L1vlVmpp3dPpknuIE7MPXc2Nzg&scope=email+profile+openid+https%3A%2F%2Fwww.googleapis.com%2Fauth%2Fuserinfo.email+https%3A%2F%2Fwww.googleapis.com%2Fauth%2Fuserinfo.profile&authuser=3&prompt=consent HTTP/1.1" 302 624
::1 - - [31/Dec/2022:05:47:31 +0000] "GET /api/auth/logout HTTP/1.1" 204 -
::1 - - [31/Dec/2022:05:47:44 +0000] "POST /api/auth/login HTTP/1.1" 200 225
::1 - - [31/Dec/2022:05:48:19 +0000] "GET /api/auth/logout HTTP/1.1" 204 -
::1 - - [31/Dec/2022:05:48:26 +0000] "POST /api/auth/login HTTP/1.1" 200 263
::1 - - [31/Dec/2022:05:50:05 +0000] "GET /api/expenses/?month=3&year=2020 HTTP/1.1" 200 488
::1 - - [31/Dec/2022:05:50:05 +0000] "GET /api/expense-categories HTTP/1.1" 200 367
::1 - - [31/Dec/2022:05:50:16 +0000] "GET /api/budgets/?month=3&year=2020 HTTP/1.1" 200 372
::1 - - [31/Dec/2022:05:50:16 +0000] "GET /api/budget-summary/?month=3&year=2020 HTTP/1.1" 200 88
::1 - - [31/Dec/2022:05:50:28 +0000] "GET /api/expenses/?month=3&year=2020 HTTP/1.1" 200 488
::1 - - [31/Dec/2022:05:50:28 +0000] "GET /api/expense-categories HTTP/1.1" 200 367
::1 - - [31/Dec/2022:05:51:31 +0000] "POST /api/expenses/ HTTP/1.1" 201 -
::1 - - [31/Dec/2022:05:51:31 +0000] "GET /api/expenses/?month=3&year=2020 HTTP/1.1" 200 721
::1 - - [04/Jan/2023:10:34:38 +0000] "GET /api/auth/external/google/login HTTP/1.1" 302 660
::1 - - [04/Jan/2023:10:34:45 +0000] "GET /api/auth/external/google/callback/login?state=cqe7lAvhsZyyPsYc8uU5Fy8U3596KAuS&code=4%2F0AWgavdcbdZuEQTVWfZQhF3HT2vJGhmYf-omE2hUlthj-hUx9fR3_XN3zOSxL5zxOhKXeoQ&scope=email+profile+openid+https%3A%2F%2Fwww.googleapis.com%2Fauth%2Fuserinfo.email+https%3A%2F%2Fwww.googleapis.com%2Fauth%2Fuserinfo.profile&authuser=1&prompt=consent HTTP/1.1" 302 612
::1 - - [04/Jan/2023:10:34:53 +0000] "GET /api/budgets/?month=3&year=2020 HTTP/1.1" 200 372
::1 - - [04/Jan/2023:10:34:53 +0000] "GET /api/budget-summary/?month=3&year=2020 HTTP/1.1" 200 88
::1 - - [04/Jan/2023:10:34:54 +0000] "GET /api/expenses/?month=3&year=2020 HTTP/1.1" 200 488
::1 - - [04/Jan/2023:10:34:54 +0000] "GET /api/expense-categories HTTP/1.1" 200 367
::1 - - [04/Jan/2023:10:34:56 +0000] "GET /api/users HTTP/1.1" 200 367
::1 - - [04/Jan/2023:11:43:29 +0000] "GET /api/expenses/?month=3&year=2020 HTTP/1.1" 401 -
::1 - - [04/Jan/2023:11:43:29 +0000] "GET /api/expense-categories HTTP/1.1" 401 -
::1 - - [15/Jan/2023:06:20:37 +0000] "POST /api/auth/signup HTTP/1.1" 204 -
::1 - - [15/Jan/2023:06:21:28 +0000] "POST /api/auth/login HTTP/1.1" 401 22
::1 - - [15/Jan/2023:06:21:38 +0000] "POST /api/auth/login HTTP/1.1" 401 22
::1 - - [15/Jan/2023:07:48:25 +0000] "POST /api/auth/signup HTTP/1.1" 400 23
::1 - - [15/Jan/2023:07:50:05 +0000] "POST /api/auth/signup HTTP/1.1" 422 50
::1 - - [15/Jan/2023:07:50:33 +0000] "POST /api/auth/signup HTTP/1.1" 400 23
::1 - - [15/Jan/2023:07:52:31 +0000] "POST /api/auth/signup HTTP/1.1" 400 23
::1 - - [15/Jan/2023:07:55:08 +0000] "POST /api/auth/signup HTTP/1.1" 400 23
::1 - - [15/Jan/2023:07:59:54 +0000] "POST /api/auth/signup HTTP/1.1" 400 23
::1 - - [15/Jan/2023:08:01:06 +0000] "POST /api/auth/signup HTTP/1.1" 400 23
::1 - - [15/Jan/2023:08:02:36 +0000] "POST /api/auth/signup HTTP/1.1" 204 -
::1 - - [15/Jan/2023:08:06:07 +0000] "POST /api/auth/signup HTTP/1.1" 204 -
::1 - - [15/Jan/2023:08:08:07 +0000] "POST /api/auth/signup HTTP/1.1" 400 23
::1 - - [15/Jan/2023:08:11:22 +0000] "POST /api/auth/signup HTTP/1.1" 400 23
::1 - - [15/Jan/2023:08:22:55 +0000] "POST /api/auth/signup HTTP/1.1" 204 -
::1 - - [15/Jan/2023:08:59:50 +0000] "POST /api/auth/signup HTTP/1.1" 400 23
::1 - - [15/Jan/2023:09:03:38 +0000] "POST /api/auth/signup HTTP/1.1" 400 23
::1 - - [15/Jan/2023:09:05:48 +0000] "POST /api/auth/signup HTTP/1.1" 400 32
::1 - - [15/Jan/2023:09:05:57 +0000] "GET /api/auth/signup HTTP/1.1" 401 -
::1 - - [15/Jan/2023:09:06:02 +0000] "GET /api/auth/signup HTTP/1.1" 401 -
::1 - - [15/Jan/2023:09:11:29 +0000] "POST /api/auth/signup HTTP/1.1" 400 32
::1 - - [15/Jan/2023:09:13:19 +0000] "POST /api/auth/signup HTTP/1.1" 400 32
::1 - - [15/Jan/2023:09:15:18 +0000] "POST /api/auth/signup HTTP/1.1" 400 32
::1 - - [15/Jan/2023:09:20:47 +0000] "POST /api/auth/signup HTTP/1.1" 302 63
::1 - - [15/Jan/2023:09:23:24 +0000] "POST /api/auth/signup HTTP/1.1" 422 28
::1 - - [15/Jan/2023:09:23:36 +0000] "POST /api/auth/signup HTTP/1.1" 302 300
::1 - - [15/Jan/2023:10:58:19 +0000] "POST /api/auth/signup HTTP/1.1" 302 296
::1 - - [15/Jan/2023:10:59:54 +0000] "POST /api/auth/signup HTTP/1.1" 302 296
::1 - - [15/Jan/2023:11:07:45 +0000] "POST /api/auth/signup HTTP/1.1" 204 -
::1 - - [15/Jan/2023:11:12:53 +0000] "POST /api/auth/login HTTP/1.1" 401 42
::1 - - [15/Jan/2023:11:31:51 +0000] "POST /api/auth/login HTTP/1.1" 401 22
::1 - - [15/Jan/2023:11:31:54 +0000] "GET /api/auth/login HTTP/1.1" 401 -
::1 - - [15/Jan/2023:11:31:59 +0000] "GET /api/auth/login HTTP/1.1" 401 -
::1 - - [15/Jan/2023:11:32:41 +0000] "POST /api/auth/signup HTTP/1.1" 204 -
::1 - - [15/Jan/2023:11:33:11 +0000] "POST /api/auth/login HTTP/1.1" 401 42
::1 - - [15/Jan/2023:11:38:47 +0000] "POST /api/auth/login HTTP/1.1" 200 225
::1 - - [15/Jan/2023:11:38:48 +0000] "GET /api/budgets/?month=3&year=2020 HTTP/1.1" 200 2
::1 - - [15/Jan/2023:11:38:48 +0000] "GET /api/budget-summary/?month=3&year=2020 HTTP/1.1" 404 34
::1 - - [15/Jan/2023:11:49:51 +0000] "GET /api/budgets/?month=3&year=2020 HTTP/1.1" 401 -
::1 - - [15/Jan/2023:11:49:51 +0000] "GET /api/budget-summary/?month=3&year=2020 HTTP/1.1" 401 -
::1 - - [15/Jan/2023:11:49:52 +0000] "GET /api/budgets/?month=3&year=2020 HTTP/1.1" 401 -
::1 - - [15/Jan/2023:11:49:53 +0000] "GET /api/budget-summary/?month=3&year=2020 HTTP/1.1" 401 -
::1 - - [15/Jan/2023:11:50:14 +0000] "POST /api/auth/login HTTP/1.1" 401 42
::1 - - [15/Jan/2023:11:50:36 +0000] "POST /api/auth/signup HTTP/1.1" 204 -
::1 - - [15/Jan/2023:11:55:32 +0000] "POST /api/auth/signup HTTP/1.1" 200 265
::1 - - [15/Jan/2023:12:01:14 +0000] "POST /api/auth/signup HTTP/1.1" 200 265
::1 - - [15/Jan/2023:12:01:14 +0000] "POST /api/auth/confirm? HTTP/1.1" 400 29
::1 - - [15/Jan/2023:12:05:21 +0000] "GET /api/auth/external/google/login HTTP/1.1" 302 660
::1 - - [15/Jan/2023:12:22:22 +0000] "POST /api/auth/signup HTTP/1.1" 200 265
::1 - - [15/Jan/2023:12:22:22 +0000] "POST /api/auth/confirm? HTTP/1.1" 400 29
::1 - - [15/Jan/2023:12:23:00 +0000] "POST /api/auth/login HTTP/1.1" 401 42
::1 - - [15/Jan/2023:12:23:25 +0000] "POST /api/auth/login HTTP/1.1" 401 42
::1 - - [15/Jan/2023:12:24:33 +0000] "POST /api/auth/login HTTP/1.1" 401 42
::1 - - [15/Jan/2023:12:26:48 +0000] "POST /api/auth/login HTTP/1.1" 401 42
::1 - - [15/Jan/2023:12:30:08 +0000] "POST /api/auth/login HTTP/1.1" 401 42
::1 - - [15/Jan/2023:12:32:24 +0000] "GET /api/auth/external/google/login HTTP/1.1" 302 660
::1 - - [15/Jan/2023:12:32:30 +0000] "GET /api/auth/external/google/callback/login?state=xzMsZUBM7PqE4AVYWuCPOnIGtBRJuD0v&code=4%2F0AWgavdfNZigI9ATyOTkb1pyCeyKOoivew0bjt8Ai31_C6CNlPjNr8I3eukR6mR-bdmnCjw&scope=email+profile+openid+https%3A%2F%2Fwww.googleapis.com%2Fauth%2Fuserinfo.email+https%3A%2F%2Fwww.googleapis.com%2Fauth%2Fuserinfo.profile&authuser=2&prompt=consent HTTP/1.1" 302 606
::1 - - [15/Jan/2023:12:32:43 +0000] "GET /api/budgets/?month=3&year=2020 HTTP/1.1" 200 372
::1 - - [15/Jan/2023:12:32:43 +0000] "GET /api/budget-summary/?month=3&year=2020 HTTP/1.1" 200 88
::1 - - [15/Jan/2023:13:32:21 +0000] "GET /api/budgets/?month=3&year=2020 HTTP/1.1" 401 -
::1 - - [15/Jan/2023:13:32:21 +0000] "GET /api/budget-summary/?month=3&year=2020 HTTP/1.1" 401 -
::1 - - [15/Jan/2023:13:32:56 +0000] "POST /api/auth/signup HTTP/1.1" 200 267
::1 - - [15/Jan/2023:13:32:56 +0000] "POST /api/auth/confirm? HTTP/1.1" 400 29
::1 - - [15/Jan/2023:13:37:42 +0000] "POST /api/auth/confirm? HTTP/1.1" 400 29
::1 - - [15/Jan/2023:13:38:21 +0000] "POST /api/auth/signup HTTP/1.1" 200 267
::1 - - [15/Jan/2023:13:38:21 +0000] "POST /api/auth/confirm? HTTP/1.1" 400 29
::1 - - [15/Jan/2023:13:51:29 +0000] "POST /api/auth/signup HTTP/1.1" 200 268
::1 - - [15/Jan/2023:13:51:29 +0000] "POST /api/auth/confirm? HTTP/1.1" 400 29
::1 - - [15/Jan/2023:13:56:29 +0000] "GET /api/auth/confirm? HTTP/1.1" 401 -
::1 - - [15/Jan/2023:13:56:33 +0000] "GET /api/auth/confirm HTTP/1.1" 401 -
::1 - - [15/Jan/2023:14:00:15 +0000] "POST /api/auth/confirm? HTTP/1.1" 400 29
::1 - - [15/Jan/2023:14:00:35 +0000] "POST /api/auth/signup HTTP/1.1" 200 269
::1 - - [15/Jan/2023:14:02:14 +0000] "GET /api/auth/confirm? HTTP/1.1" 401 -
::1 - - [15/Jan/2023:14:03:05 +0000] "GET /api/auth/confirm? HTTP/1.1" 401 -
::1 - - [15/Jan/2023:14:11:50 +0000] "POST /api/auth/signup HTTP/1.1" 200 288
::1 - - [15/Jan/2023:14:16:49 +0000] "POST /api/auth/signup HTTP/1.1" 200 286
::1 - - [15/Jan/2023:14:22:59 +0000] "POST /api/auth/signup HTTP/1.1" 200 288
::1 - - [15/Jan/2023:14:23:46 +0000] "POST /api/auth/signup HTTP/1.1" 200 288
::1 - - [15/Jan/2023:14:23:47 +0000] "POST /api/auth/signup HTTP/1.1" 200 288
::1 - - [15/Jan/2023:14:23:47 +0000] "POST /api/auth/confirm? HTTP/1.1" 400 29
::1 - - [15/Jan/2023:14:29:26 +0000] "POST /api/auth/confirm? HTTP/1.1" 400 29
::1 - - [15/Jan/2023:14:30:28 +0000] "GET /api/budgets/?month=3&year=2020 HTTP/1.1" 200 2
::1 - - [15/Jan/2023:14:30:28 +0000] "GET /api/budget-summary/?month=3&year=2020 HTTP/1.1" 404 34
::1 - - [15/Jan/2023:14:30:38 +0000] "GET /api/auth/logout HTTP/1.1" 204 -
::1 - - [15/Jan/2023:14:31:02 +0000] "POST /api/auth/login HTTP/1.1" 401 22
::1 - - [15/Jan/2023:14:31:39 +0000] "POST /api/auth/login HTTP/1.1" 401 10
::1 - - [15/Jan/2023:14:32:34 +0000] "POST /api/auth/login HTTP/1.1" 401 10
::1 - - [15/Jan/2023:14:52:30 +0000] "POST /api/auth/login HTTP/1.1" 200 254
::1 - - [15/Jan/2023:14:52:30 +0000] "GET /api/budgets/?month=3&year=2020 HTTP/1.1" 200 372
::1 - - [15/Jan/2023:14:52:30 +0000] "GET /api/budget-summary/?month=3&year=2020 HTTP/1.1" 200 88
::1 - - [22/Jan/2023:06:56:20 +0000] "POST /api/auth/login HTTP/1.1" 401 22
::1 - - [22/Jan/2023:06:56:51 +0000] "GET /api/auth/login HTTP/1.1" 401 -
::1 - - [22/Jan/2023:06:56:56 +0000] "GET /api/auth/login HTTP/1.1" 401 -
::1 - - [22/Jan/2023:07:24:44 +0000] "POST /api/auth/login HTTP/1.1" 401 22
::1 - - [22/Jan/2023:07:29:22 +0000] "POST /api/auth/login HTTP/1.1" 401 22
::1 - - [22/Jan/2023:07:44:46 +0000] "POST /api/auth/login HTTP/1.1" 401 22
::1 - - [22/Jan/2023:10:43:58 +0000] "POST /api/auth/login HTTP/1.1" 401 23
::1 - - [22/Jan/2023:10:54:30 +0000] "POST /api/auth/login HTTP/1.1" 401 23
::1 - - [22/Jan/2023:10:55:53 +0000] "POST /api/auth/login HTTP/1.1" 401 23
::1 - - [22/Jan/2023:11:00:55 +0000] "POST /api/auth/login HTTP/1.1" 401 23
::1 - - [22/Jan/2023:11:02:27 +0000] "POST /api/auth/login HTTP/1.1" 401 23
::1 - - [22/Jan/2023:11:03:47 +0000] "POST /api/auth/signup HTTP/1.1" 200 286
::1 - - [22/Jan/2023:11:03:47 +0000] "POST /api/auth/confirm? HTTP/1.1" 400 29
::1 - - [22/Jan/2023:11:08:01 +0000] "GET /api/auth/logout HTTP/1.1" 204 -
::1 - - [03/Jul/2023:13:29:21 +0000] "POST /api/auth/login HTTP/1.1" 401 23
::1 - - [03/Jul/2023:13:29:45 +0000] "GET /api/auth/external/google/login HTTP/1.1" 302 660
::1 - - [03/Jul/2023:13:30:21 +0000] "POST /api/auth/login HTTP/1.1" 401 23
::1 - - [03/Jul/2023:13:34:12 +0000] "POST /api/auth/login HTTP/1.1" 401 22
::1 - - [03/Jul/2023:13:34:54 +0000] "POST /api/auth/login HTTP/1.1" 200 225
::1 - - [03/Jul/2023:13:34:54 +0000] "GET /api/budgets/?month=3&year=2020 HTTP/1.1" 200 2
::1 - - [03/Jul/2023:13:34:54 +0000] "GET /api/budget-summary/?month=3&year=2020 HTTP/1.1" 404 34
::1 - - [03/Jul/2023:13:35:22 +0000] "GET /api/budgets/?month=3&year=2020 HTTP/1.1" 200 2
::1 - - [03/Jul/2023:13:35:22 +0000] "GET /api/budget-summary/?month=3&year=2020 HTTP/1.1" 404 34
::1 - - [03/Jul/2023:13:35:24 +0000] "GET /api/auth/logout HTTP/1.1" 204 -
::1 - - [03/Jul/2023:13:35:37 +0000] "POST /api/auth/login HTTP/1.1" 200 225
::1 - - [03/Jul/2023:13:35:37 +0000] "GET /api/budgets/?month=3&year=2020 HTTP/1.1" 200 2
::1 - - [03/Jul/2023:13:35:37 +0000] "GET /api/budget-summary/?month=3&year=2020 HTTP/1.1" 404 34
::1 - - [03/Jul/2023:13:35:45 +0000] "GET /api/expenses/?month=3&year=2020 HTTP/1.1" 200 2
::1 - - [03/Jul/2023:13:35:48 +0000] "GET /api/budget-summary/?month=3&year=2020 HTTP/1.1" 404 34
::1 - - [03/Jul/2023:13:35:55 +0000] "GET /api/expense-categories HTTP/1.1" 200 2
::1 - - [03/Jul/2023:13:35:56 +0000] "GET /api/budget-summary/?month=3&year=2020 HTTP/1.1" 404 34
::1 - - [03/Jul/2023:13:37:44 +0000] "GET /api/expenses/?month=3&year=2020 HTTP/1.1" 200 2
::1 - - [03/Sep/2023:06:09:20 +0000] "POST /api/auth/login HTTP/1.1" 200 225
::1 - - [03/Sep/2023:06:09:20 +0000] "POST /api/auth/login HTTP/1.1" 200 225
::1 - - [03/Sep/2023:06:09:21 +0000] "GET /api/budgets/?month=3&year=2020 HTTP/1.1" 200 2
::1 - - [03/Sep/2023:06:09:21 +0000] "GET /api/budget-summary/?month=3&year=2020 HTTP/1.1" 404 34
::1 - - [03/Sep/2023:06:09:28 +0000] "GET /api/expenses/?month=3&year=2020 HTTP/1.1" 200 2
::1 - - [03/Sep/2023:06:09:38 +0000] "GET /api/expense-categories HTTP/1.1" 200 2
::1 - - [03/Sep/2023:06:09:44 +0000] "GET /api/budget-summary/?month=3&year=2020 HTTP/1.1" 404 34
::1 - - [03/Sep/2023:06:09:49 +0000] "GET /api/expenses/?month=3&year=2020 HTTP/1.1" 304 -
::1 - - [03/Sep/2023:06:10:01 +0000] "GET /api/budget-summary/?month=3&year=2020 HTTP/1.1" 404 34
::1 - - [03/Sep/2023:06:10:15 +0000] "GET /api/expenses/?month=3&year=2020 HTTP/1.1" 304 -
::1 - - [03/Sep/2023:06:10:23 +0000] "GET /api/expenses/?month=3&year=2020&categoryName=dagag HTTP/1.1" 200 2
::1 - - [03/Sep/2023:06:10:24 +0000] "GET /api/budget-summary/?month=3&year=2020 HTTP/1.1" 404 34
::1 - - [03/Sep/2023:06:13:50 +0000] "GET /api/expenses/?month=3&year=2020 HTTP/1.1" 304 -
::1 - - [03/Sep/2023:06:14:21 +0000] "GET /api/expenses/?month=3&year=2020 HTTP/1.1" 304 -
::1 - - [03/Sep/2023:06:29:11 +0000] "GET /api/expenses/?month=3&year=2020 HTTP/1.1" 401 -
::1 - - [03/Sep/2023:06:29:45 +0000] "POST /api/auth/login HTTP/1.1" 200 225
::1 - - [03/Sep/2023:06:29:46 +0000] "GET /api/budget-summary/?month=3&year=2020 HTTP/1.1" 404 34
::1 - - [03/Sep/2023:06:29:46 +0000] "GET /api/budgets/?month=3&year=2020 HTTP/1.1" 200 2
::1 - - [03/Sep/2023:06:30:43 +0000] "GET /api/expenses/?month=3&year=2020 HTTP/1.1" 200 2
::1 - - [03/Sep/2023:06:32:09 +0000] "GET /api/expenses/?month=3&year=2020 HTTP/1.1" 304 -
::1 - - [03/Sep/2023:06:34:41 +0000] "GET /api/expenses/?month=3&year=2020 HTTP/1.1" 200 955
::1 - - [03/Sep/2023:06:35:10 +0000] "GET /api/expense-categories HTTP/1.1" 200 2
::1 - - [03/Sep/2023:06:35:13 +0000] "GET /api/expenses/?month=3&year=2020 HTTP/1.1" 304 -
::1 - - [03/Sep/2023:06:35:16 +0000] "GET /api/budgets/?month=3&year=2020 HTTP/1.1" 200 2
::1 - - [03/Sep/2023:06:35:16 +0000] "GET /api/budget-summary/?month=3&year=2020 HTTP/1.1" 404 34
::1 - - [03/Sep/2023:06:35:22 +0000] "GET /api/expenses/?month=3&year=2020 HTTP/1.1" 304 -
::1 - - [03/Sep/2023:06:36:06 +0000] "GET /api/budget-summary/?month=3&year=2020 HTTP/1.1" 404 34
::1 - - [03/Sep/2023:06:36:08 +0000] "GET /api/expenses/?month=3&year=2020 HTTP/1.1" 304 -
::1 - - [03/Sep/2023:06:36:17 +0000] "GET /api/expense-categories HTTP/1.1" 304 -
::1 - - [03/Sep/2023:06:36:56 +0000] "GET /api/auth/logout HTTP/1.1" 204 -
::1 - - [03/Sep/2023:06:37:51 +0000] "POST /api/auth/login HTTP/1.1" 200 254
::1 - - [03/Sep/2023:06:37:51 +0000] "GET /api/budgets/?month=3&year=2020 HTTP/1.1" 200 372
::1 - - [03/Sep/2023:06:37:51 +0000] "GET /api/budget-summary/?month=3&year=2020 HTTP/1.1" 200 88
::1 - - [03/Sep/2023:06:39:15 +0000] "GET /api/expenses/?month=3&year=2020 HTTP/1.1" 304 -
::1 - - [03/Sep/2023:06:39:15 +0000] "GET /api/expense-categories HTTP/1.1" 200 367
::1 - - [03/Sep/2023:06:39:19 +0000] "GET /api/users HTTP/1.1" 200 456
::1 - - [03/Sep/2023:06:39:41 +0000] "GET /api/expense-categories HTTP/1.1" 304 -
::1 - - [03/Sep/2023:06:39:50 +0000] "GET /api/users HTTP/1.1" 304 -
::1 - - [03/Sep/2023:06:40:07 +0000] "GET /api/expense-categories HTTP/1.1" 304 -
::1 - - [03/Sep/2023:06:40:10 +0000] "GET /api/expense-categories HTTP/1.1" 304 -
::1 - - [03/Sep/2023:06:40:10 +0000] "GET /api/expenses/?month=3&year=2020 HTTP/1.1" 304 -
::1 - - [03/Sep/2023:06:40:17 +0000] "GET /api/users HTTP/1.1" 304 -
::1 - - [03/Sep/2023:06:40:21 +0000] "GET /api/expense-categories HTTP/1.1" 304 -
::1 - - [03/Sep/2023:06:40:27 +0000] "GET /api/users HTTP/1.1" 304 -
::1 - - [03/Sep/2023:06:40:32 +0000] "GET /api/auth/logout HTTP/1.1" 304 -
::1 - - [03/Sep/2023:06:41:32 +0000] "POST /api/auth/login HTTP/1.1" 401 10
::1 - - [03/Sep/2023:06:42:27 +0000] "GET /api/auth/external/google/login HTTP/1.1" 302 660
::ffff:127.0.0.1 - - [03/Sep/2023:06:43:51 +0000] "GET /api/auth/external/google/callback/login?state=B9gRssNZcNY80hIbXQMYqMnQSecmmkwe&code=4%2F0Adeu5BXGTSBVEr0sSotfZ8LYJ_cZIkVUguNy_jeIYG8eoD3aEB_Y9u_cgM-ijIi1eyb9kQ&scope=email+profile+openid+https%3A%2F%2Fwww.googleapis.com%2Fauth%2Fuserinfo.email+https%3A%2F%2Fwww.googleapis.com%2Fauth%2Fuserinfo.profile&authuser=0&prompt=consent HTTP/1.1" 302 612
::1 - - [03/Sep/2023:06:43:57 +0000] "GET /api/auth/external/google/callback/login?state=B9gRssNZcNY80hIbXQMYqMnQSecmmkwe&code=4%2F0Adeu5BXGTSBVEr0sSotfZ8LYJ_cZIkVUguNy_jeIYG8eoD3aEB_Y9u_cgM-ijIi1eyb9kQ&scope=email+profile+openid+https%3A%2F%2Fwww.googleapis.com%2Fauth%2Fuserinfo.email+https%3A%2F%2Fwww.googleapis.com%2Fauth%2Fuserinfo.profile&authuser=0&prompt=consent HTTP/1.1" 302 164
::1 - - [03/Sep/2023:06:44:00 +0000] "GET /api/expenses/?month=3&year=2020 HTTP/1.1" 304 -
::1 - - [03/Sep/2023:06:44:00 +0000] "GET /api/expense-categories HTTP/1.1" 304 -
::1 - - [03/Sep/2023:06:44:02 +0000] "GET /api/users HTTP/1.1" 304 -
::1 - - [03/Sep/2023:06:50:00 +0000] "POST /api/users HTTP/1.1" 201 -
::1 - - [03/Sep/2023:06:50:00 +0000] "GET /api/users HTTP/1.1" 200 547
::1 - - [03/Sep/2023:06:50:14 +0000] "GET /api/auth/logout HTTP/1.1" 304 -
::1 - - [03/Sep/2023:06:50:30 +0000] "GET /api/auth/external/google/login HTTP/1.1" 302 660
::ffff:127.0.0.1 - - [03/Sep/2023:06:50:31 +0000] "GET /api/auth/external/google/callback/login?state=XMLNIvKEz6xHYn7ZMlBtjz5LcguX4eVm&code=4%2F0Adeu5BXJU9NULvS9eLSCUCHhF_74AEVb6Bskb8vv9QNfOs-krprPz2KhJo9yjZ6em1eFig&scope=email+profile+openid+https%3A%2F%2Fwww.googleapis.com%2Fauth%2Fuserinfo.email+https%3A%2F%2Fwww.googleapis.com%2Fauth%2Fuserinfo.profile&authuser=0&prompt=none HTTP/1.1" 302 612
::1 - - [03/Sep/2023:06:50:41 +0000] "GET /api/auth/logout HTTP/1.1" 304 -
::1 - - [03/Sep/2023:06:50:56 +0000] "GET /api/auth/external/google/login HTTP/1.1" 302 660
::ffff:127.0.0.1 - - [03/Sep/2023:06:50:56 +0000] "GET /api/auth/external/google/callback/login?state=qeMo10RLvxwW1KT4exWqWBQvjF54gnle&code=4%2F0Adeu5BWb6V-kKLd24Y0H0skH96wAQvniK9ZAXkv_u19h9O-5VerP8GvXgbJ-8wwuqcHNQQ&scope=email+profile+openid+https%3A%2F%2Fwww.googleapis.com%2Fauth%2Fuserinfo.email+https%3A%2F%2Fwww.googleapis.com%2Fauth%2Fuserinfo.profile&authuser=0&prompt=none HTTP/1.1" 302 612
::1 - - [03/Sep/2023:06:51:02 +0000] "GET /api/auth/logout HTTP/1.1" 304 -
::1 - - [03/Sep/2023:06:58:36 +0000] "GET /api/auth/external/google/login HTTP/1.1" 302 660
::ffff:127.0.0.1 - - [03/Sep/2023:06:58:38 +0000] "GET /api/auth/external/google/callback/login?state=KnNuykAtVkpXagPgH1yu3OfORnkJXRMH&code=4%2F0Adeu5BXbHTNby2X5BEu7WBrs90KVxEtT0cDsmYjjru6cGycTZCHPZPU05PxbYb0jOOHURA&scope=email+profile+https%3A%2F%2Fwww.googleapis.com%2Fauth%2Fuserinfo.email+https%3A%2F%2Fwww.googleapis.com%2Fauth%2Fuserinfo.profile+openid&authuser=0&prompt=none HTTP/1.1" 302 612
::1 - - [03/Sep/2023:06:59:01 +0000] "GET /api/budgets/?month=3&year=2020 HTTP/1.1" 304 -
::1 - - [03/Sep/2023:06:59:01 +0000] "GET /api/budget-summary/?month=3&year=2020 HTTP/1.1" 304 -
::1 - - [03/Sep/2023:06:59:04 +0000] "GET /api/expenses/?month=3&year=2020 HTTP/1.1" 304 -
::1 - - [03/Sep/2023:06:59:04 +0000] "GET /api/expense-categories HTTP/1.1" 304 -
::1 - - [03/Sep/2023:06:59:06 +0000] "GET /api/users HTTP/1.1" 200 456
::1 - - [03/Sep/2023:06:59:43 +0000] "GET /api/auth/logout HTTP/1.1" 304 -
::1 - - [03/Sep/2023:07:00:16 +0000] "GET /api/auth/external/google/signup HTTP/1.1" 302 660
::ffff:127.0.0.1 - - [03/Sep/2023:07:00:17 +0000] "GET /api/auth/external/google/callback/login?state=n6cxM3dILgsBNdMhYeatfYynxA4Qf54W&code=4%2F0Adeu5BXRpA0rBZ_wPCwFN2bThi0emndnp3WUUTp3ClYauxpzUCu_Jq_yZxTJ2mL5WnRA6w&scope=email+profile+https%3A%2F%2Fwww.googleapis.com%2Fauth%2Fuserinfo.email+https%3A%2F%2Fwww.googleapis.com%2Fauth%2Fuserinfo.profile+openid&authuser=0&prompt=none HTTP/1.1" 302 612
::1 - - [03/Sep/2023:07:01:05 +0000] "GET /api/auth/logout HTTP/1.1" 204 -
::1 - - [03/Sep/2023:07:01:14 +0000] "GET /api/auth/external/google/login HTTP/1.1" 302 660
::1 - - [03/Sep/2023:07:09:48 +0000] "GET /api/auth/external/google/login HTTP/1.1" 302 660
::1 - - [03/Sep/2023:08:21:49 +0000] "GET /api/auth/external/google/login HTTP/1.1" 302 660
::1 - - [03/Sep/2023:10:15:25 +0000] "GET /api/auth/external/google/login HTTP/1.1" 302 660
::1 - - [03/Sep/2023:12:42:44 +0000] "GET /api/auth/external/google/login HTTP/1.1" 302 660
::1 - - [03/Sep/2023:12:53:08 +0000] "GET /api/auth/external/google/login HTTP/1.1" 302 660
::1 - - [03/Sep/2023:13:59:37 +0000] "GET /api/auth/external/google/login HTTP/1.1" 302 660
::ffff:127.0.0.1 - - [03/Sep/2023:13:59:38 +0000] "GET /api/auth/external/google/callback/login?state=dalZ8qRsNg7vEdgGQdjlZAQVPveIDCOA&code=4%2F0Adeu5BWke3rfnPetEe3N-_s9hsp0gquk-wi0jgB_1OZcFQFbYXymgvs8n1tfIpnhdel88w&scope=email+profile+https%3A%2F%2Fwww.googleapis.com%2Fauth%2Fuserinfo.profile+openid+https%3A%2F%2Fwww.googleapis.com%2Fauth%2Fuserinfo.email&authuser=0&prompt=none HTTP/1.1" 302 608
::1 - - [03/Sep/2023:14:25:16 +0000] "GET /api/auth/logout HTTP/1.1" 204 -
::1 - - [03/Sep/2023:14:25:28 +0000] "GET /api/auth/external/google/login HTTP/1.1" 302 660
::ffff:127.0.0.1 - - [03/Sep/2023:14:25:29 +0000] "GET /api/auth/external/google/callback/login?state=9MK6wl0P2nSVY8JhChzAbhGyyzqKIF0M&code=4%2F0Adeu5BV8HZwQs1Of2r8-cAS2ag7O91cCPvGqLs7hMOyTfyHlLC7rTu8YwFGzqCJsMxdvqw&scope=email+profile+openid+https%3A%2F%2Fwww.googleapis.com%2Fauth%2Fuserinfo.email+https%3A%2F%2Fwww.googleapis.com%2Fauth%2Fuserinfo.profile&authuser=0&prompt=none HTTP/1.1" 302 608
::1 - - [03/Sep/2023:14:25:33 +0000] "GET /api/auth/logout HTTP/1.1" 304 -
::1 - - [03/Sep/2023:14:25:50 +0000] "GET /api/auth/external/google/signup HTTP/1.1" 302 660
::ffff:127.0.0.1 - - [03/Sep/2023:14:25:51 +0000] "GET /api/auth/external/google/callback/login?state=vcpDgxPWeJ2bJ86SthYOsXtHboSx7jj2&code=4%2F0Adeu5BWLUr-umNh5ZZNsnpVbHK76KKPwWZx-ix0V4kau-JYq38uY7nDUJx_19Z6orNETVQ&scope=email+profile+https%3A%2F%2Fwww.googleapis.com%2Fauth%2Fuserinfo.profile+openid+https%3A%2F%2Fwww.googleapis.com%2Fauth%2Fuserinfo.email&authuser=0&prompt=none HTTP/1.1" 302 608
::1 - - [03/Sep/2023:14:26:37 +0000] "GET /api/auth/logout HTTP/1.1" 204 -
::1 - - [03/Sep/2023:14:26:56 +0000] "GET /api/auth/external/google/login HTTP/1.1" 302 660
::ffff:127.0.0.1 - - [03/Sep/2023:14:26:57 +0000] "GET /api/auth/external/google/callback/login?state=iBhz8fKApiUarFhFRRHluJSyItVItdUW&code=4%2F0Adeu5BU0jo_TFMztyg7-jaytZhYihOBORZPGanPJer125o09t_Q6jP7fhTnR7gFlYvk-Ag&scope=email+profile+openid+https%3A%2F%2Fwww.googleapis.com%2Fauth%2Fuserinfo.email+https%3A%2F%2Fwww.googleapis.com%2Fauth%2Fuserinfo.profile&authuser=0&prompt=none HTTP/1.1" 302 608
::1 - - [03/Sep/2023:14:27:07 +0000] "GET /api/auth/logout HTTP/1.1" 204 -
::1 - - [03/Sep/2023:14:27:59 +0000] "GET /api/auth/external/google/login HTTP/1.1" 302 660
::ffff:127.0.0.1 - - [03/Sep/2023:14:28:00 +0000] "GET /api/auth/external/google/callback/login?state=qXUNT7mP2rXmEeV8rZoeBr0Ywa4Ymjmt&code=4%2F0Adeu5BVhpmfafLdFLmVLWPTg2CZVpw6we-JRQroYDXbU0umVsFAHMGELbBeV7Ncq5sRQ4g&scope=email+profile+openid+https%3A%2F%2Fwww.googleapis.com%2Fauth%2Fuserinfo.email+https%3A%2F%2Fwww.googleapis.com%2Fauth%2Fuserinfo.profile&authuser=0&prompt=none HTTP/1.1" 302 608
::1 - - [03/Sep/2023:14:28:24 +0000] "GET /api/auth/logout HTTP/1.1" 204 -
::1 - - [03/Sep/2023:14:28:52 +0000] "GET /api/auth/external/google/login HTTP/1.1" 302 660
::ffff:127.0.0.1 - - [03/Sep/2023:14:28:53 +0000] "GET /api/auth/external/google/callback/login?state=6ZY28FPp2H9GFS1DEzNBvl3po0cqcbZV&code=4%2F0Adeu5BVDkdP4l_Zd-qN-5rOmXY3xPq4w-tC-Qo7hXULllAKgHO1iDraQx49Y-yzqv4oeOg&scope=email+profile+https%3A%2F%2Fwww.googleapis.com%2Fauth%2Fuserinfo.profile+openid+https%3A%2F%2Fwww.googleapis.com%2Fauth%2Fuserinfo.email&authuser=0&prompt=none HTTP/1.1" 302 608
::1 - - [03/Sep/2023:15:17:13 +0000] "GET /api/auth/logout HTTP/1.1" 304 -
::1 - - [03/Sep/2023:15:40:49 +0000] "GET /api/auth/external/google/login HTTP/1.1" 302 660
::ffff:127.0.0.1 - - [03/Sep/2023:15:40:51 +0000] "GET /api/auth/external/google/callback/login?state=4TktULz8k9qfPKUNpQGdZifgpBS9KVTQ&code=4%2F0Adeu5BVdI0cQIy73XMF_mZ1UpkALaTIMne7DfmaVD8EH7qKqgRmH1XCBu1KaJ9iTw22Dnw&scope=email+profile+openid+https%3A%2F%2Fwww.googleapis.com%2Fauth%2Fuserinfo.email+https%3A%2F%2Fwww.googleapis.com%2Fauth%2Fuserinfo.profile&authuser=0&prompt=none HTTP/1.1" 302 608
::1 - - [03/Sep/2023:15:41:00 +0000] "GET /api/auth/logout HTTP/1.1" 304 -
::1 - - [03/Sep/2023:15:45:30 +0000] "GET /api/auth/logout HTTP/1.1" 304 -
::1 - - [03/Sep/2023:15:45:36 +0000] "GET /api/auth/logout HTTP/1.1" 304 -
::1 - - [03/Sep/2023:15:45:43 +0000] "GET /api/auth/logout HTTP/1.1" 304 -
::1 - - [03/Sep/2023:15:45:56 +0000] "GET /api/auth/logout HTTP/1.1" 304 -
::1 - - [03/Sep/2023:15:46:00 +0000] "GET /api/auth/logout HTTP/1.1" 304 -
::1 - - [03/Sep/2023:15:48:03 +0000] "GET /api/auth/logout HTTP/1.1" 304 -
::1 - - [03/Sep/2023:15:48:03 +0000] "GET /api/auth/logout HTTP/1.1" 204 -
::1 - - [03/Sep/2023:15:48:40 +0000] "GET /api/auth/logout HTTP/1.1" 304 -
::1 - - [03/Sep/2023:15:52:12 +0000] "GET /api/auth/logout HTTP/1.1" 304 -
::1 - - [03/Sep/2023:15:52:43 +0000] "GET /api/auth/external/google/login HTTP/1.1" 302 660
::ffff:127.0.0.1 - - [03/Sep/2023:15:52:45 +0000] "GET /api/auth/external/google/callback/login?state=ms37xLByjfqYICqZKmjaaWdMxx52m2I6&code=4%2F0Adeu5BXFn2nxVVLR8uofb7iEYYL8TEhmydl8ZHbEmOiBqjeOGWrorPyxL-NwXVacB7DpBg&scope=email+profile+https%3A%2F%2Fwww.googleapis.com%2Fauth%2Fuserinfo.profile+openid+https%3A%2F%2Fwww.googleapis.com%2Fauth%2Fuserinfo.email&authuser=0&prompt=none HTTP/1.1" 302 608
::1 - - [03/Sep/2023:15:52:57 +0000] "GET /api/auth/logout HTTP/1.1" 304 -
::1 - - [03/Sep/2023:16:06:03 +0000] "GET /api/auth/external/google/login HTTP/1.1" 302 660
::ffff:127.0.0.1 - - [03/Sep/2023:16:06:05 +0000] "GET /api/auth/external/google/callback/login?state=M78eDlKmAWj5Pgg62xR8g1pNpOjx4v9O&code=4%2F0Adeu5BWWW9-RmNpfMBXw70YoUoI3CM2CM2Wqk_MJMLYC-dMloc5xcMT_P6hUBbD3E7nNpw&scope=email+profile+openid+https%3A%2F%2Fwww.googleapis.com%2Fauth%2Fuserinfo.email+https%3A%2F%2Fwww.googleapis.com%2Fauth%2Fuserinfo.profile&authuser=0&prompt=none HTTP/1.1" 302 608
::1 - - [03/Sep/2023:16:06:14 +0000] "GET /api/auth/logout HTTP/1.1" 304 -
::1 - - [03/Sep/2023:16:31:12 +0000] "GET /api/auth/external/google/login HTTP/1.1" 302 660
::ffff:127.0.0.1 - - [03/Sep/2023:16:31:13 +0000] "GET /api/auth/external/google/callback/login?state=xygDELaFm60CYb44wcGr90cs8db19A6E&code=4%2F0Adeu5BXIOF9wf1xMWTTsv34uY8bIZzef_CW5x2yucbjh-oNoSS7NIkJ36Z-C25ioRN6WlQ&scope=email+profile+openid+https%3A%2F%2Fwww.googleapis.com%2Fauth%2Fuserinfo.email+https%3A%2F%2Fwww.googleapis.com%2Fauth%2Fuserinfo.profile&authuser=0&prompt=none HTTP/1.1" 302 608
::1 - - [03/Sep/2023:16:31:26 +0000] "GET /api/auth/google/logout HTTP/1.1" 404 161
::1 - - [03/Sep/2023:16:32:15 +0000] "GET /api/auth/google/logout HTTP/1.1" 404 161
::1 - - [03/Sep/2023:16:33:56 +0000] "GET /api/auth/google/logout HTTP/1.1" 404 161
::1 - - [03/Sep/2023:16:34:02 +0000] "GET /api/auth/google/logout HTTP/1.1" 404 161
::1 - - [03/Sep/2023:16:35:35 +0000] "GET /api/auth/google/logout HTTP/1.1" 404 161
::1 - - [03/Sep/2023:16:38:06 +0000] "GET /api/auth/logout HTTP/1.1" 304 -
::1 - - [03/Sep/2023:16:38:35 +0000] "GET /api/auth/external/google/login HTTP/1.1" 302 660
::ffff:127.0.0.1 - - [03/Sep/2023:16:38:36 +0000] "GET /api/auth/external/google/callback/login?state=QVyqTQneAAJj4HsOHBDTo9QRMkhK2AMv&code=4%2F0Adeu5BU4Li6_fQwPEx_OimldRI70gKzt6sjLHBsF6DtHo3PvF2SfkUHZe7L61V5Lgsy2cQ&scope=email+profile+https%3A%2F%2Fwww.googleapis.com%2Fauth%2Fuserinfo.profile+openid+https%3A%2F%2Fwww.googleapis.com%2Fauth%2Fuserinfo.email&authuser=0&prompt=none HTTP/1.1" 302 608
::1 - - [03/Sep/2023:16:38:44 +0000] "GET /api/auth/logout HTTP/1.1" 304 -
::1 - - [03/Sep/2023:16:38:56 +0000] "GET /api/auth/external/google/login HTTP/1.1" 302 660
::ffff:127.0.0.1 - - [03/Sep/2023:16:38:57 +0000] "GET /api/auth/external/google/callback/login?state=xYLEuJ1mOnZbdYGxy9Pa97m7usePKIgx&code=4%2F0Adeu5BWqXTjYYMTQeMzwc81eCTS_xZZaT2sqSJhM9TmbSdHg79eM_Rj5TPWYU9cdX-7Xvw&scope=email+profile+openid+https%3A%2F%2Fwww.googleapis.com%2Fauth%2Fuserinfo.email+https%3A%2F%2Fwww.googleapis.com%2Fauth%2Fuserinfo.profile&authuser=0&prompt=none HTTP/1.1" 302 608
::1 - - [03/Sep/2023:16:39:17 +0000] "GET /api/auth/logout HTTP/1.1" 304 -
::1 - - [30/Nov/2023:01:53:19 +0000] "GET /api/auth/external/google/login HTTP/1.1" 302 660
::1 - - [30/Nov/2023:01:53:25 +0000] "GET /api/auth/external/google/callback/login?state=JFGPdDxf3DwsUFwFCaYjWQwpk3YSgtw5&code=4%2F0AfJohXnGPCexjVayTpBPZ9yBsY1SuMGyqgM7RVVuUDqkmfppRRyf2WTEAtrXZ82fptEJ9w&scope=email+profile+openid+https%3A%2F%2Fwww.googleapis.com%2Fauth%2Fuserinfo.email+https%3A%2F%2Fwww.googleapis.com%2Fauth%2Fuserinfo.profile&authuser=1&prompt=consent HTTP/1.1" 302 608
::1 - - [30/Nov/2023:01:53:35 +0000] "GET /api/auth/logout HTTP/1.1" 204 -
::1 - - [30/Nov/2023:01:53:38 +0000] "GET /api/auth/external/google/login HTTP/1.1" 302 660
::1 - - [30/Nov/2023:01:53:45 +0000] "GET /api/auth/external/google/callback/login?state=37ND15h8jELz7AlvrpKvSgRuhyhdcsUl&code=4%2F0AfJohXmMDcIpl5LL8Vt4Fkbmd_woyjt1zHvRFZuyO1Jhrj9hz0YLmCodg00CKwpT7H93MA&scope=email+profile+openid+https%3A%2F%2Fwww.googleapis.com%2Fauth%2Fuserinfo.email+https%3A%2F%2Fwww.googleapis.com%2Fauth%2Fuserinfo.profile&authuser=0&prompt=consent HTTP/1.1" 302 608
::1 - - [30/Nov/2023:01:53:50 +0000] "GET /api/auth/logout HTTP/1.1" 204 -
::1 - - [30/Nov/2023:01:53:52 +0000] "GET /api/auth/external/google/login HTTP/1.1" 302 660
::1 - - [30/Nov/2023:01:53:57 +0000] "GET /api/auth/external/google/callback/login?state=4kPseitBqIz9z4Ao5xDQhwWAtlPGRy8A&code=4%2F0AfJohXkr_cnr7gUo32G7meDhE4Puy30Vxof2dhHMc0XlXb0HbhTNJ_QPePqQD9LR2tIp-g&scope=email+profile+openid+https%3A%2F%2Fwww.googleapis.com%2Fauth%2Fuserinfo.email+https%3A%2F%2Fwww.googleapis.com%2Fauth%2Fuserinfo.profile&authuser=2&prompt=consent HTTP/1.1" 302 608
::1 - - [30/Nov/2023:01:54:05 +0000] "GET /api/expenses/?month=3&year=2020 HTTP/1.1" 200 955
::1 - - [30/Nov/2023:01:54:05 +0000] "GET /api/expense-categories HTTP/1.1" 200 217
::1 - - [30/Nov/2023:01:54:07 +0000] "GET /api/budgets/?month=3&year=2020 HTTP/1.1" 200 2
::1 - - [30/Nov/2023:01:54:07 +0000] "GET /api/budget-summary/?month=3&year=2020 HTTP/1.1" 404 34
::1 - - [30/Nov/2023:01:54:09 +0000] "GET /api/users HTTP/1.1" 200 91
::1 - - [30/Nov/2023:01:54:14 +0000] "PATCH /api/users/9 HTTP/1.1" 201 -
::1 - - [30/Nov/2023:01:54:16 +0000] "PATCH /api/users/9 HTTP/1.1" 201 -
::1 - - [30/Nov/2023:01:54:21 +0000] "GET /api/auth/logout HTTP/1.1" 204 -
::1 - - [30/Nov/2023:01:54:55 +0000] "POST /api/auth/signup HTTP/1.1" 422 50
::1 - - [30/Nov/2023:01:55:06 +0000] "POST /api/auth/signup HTTP/1.1" 200 274
::1 - - [30/Nov/2023:01:55:06 +0000] "POST /api/auth/confirm? HTTP/1.1" 400 29
::1 - - [30/Nov/2023:01:55:22 +0000] "GET /api/budgets/?month=3&year=2020 HTTP/1.1" 200 2
::1 - - [30/Nov/2023:01:55:22 +0000] "GET /api/budget-summary/?month=3&year=2020 HTTP/1.1" 404 34
::1 - - [30/Nov/2023:01:55:23 +0000] "GET /api/expenses/?month=3&year=2020 HTTP/1.1" 200 955
::1 - - [30/Nov/2023:01:55:23 +0000] "GET /api/expense-categories HTTP/1.1" 200 218
::1 - - [30/Nov/2023:01:55:25 +0000] "GET /api/users HTTP/1.1" 200 86
::1 - - [30/Nov/2023:01:56:23 +0000] "GET /api/expense-categories HTTP/1.1" 200 218
::1 - - [30/Nov/2023:01:56:48 +0000] "GET /api/users HTTP/1.1" 200 86
::1 - - [30/Nov/2023:01:56:51 +0000] "GET /api/expenses/?month=3&year=2020 HTTP/1.1" 200 955
::1 - - [30/Nov/2023:01:56:51 +0000] "GET /api/expense-categories HTTP/1.1" 200 218
::1 - - [30/Nov/2023:01:56:53 +0000] "GET /api/budget-summary/?month=3&year=2020 HTTP/1.1" 404 34
::1 - - [30/Nov/2023:01:56:54 +0000] "GET /api/expenses/?month=3&year=2020 HTTP/1.1" 200 955
::1 - - [30/Nov/2023:01:56:54 +0000] "GET /api/expense-categories HTTP/1.1" 200 218
::1 - - [30/Nov/2023:01:57:12 +0000] "GET /api/auth/logout HTTP/1.1" 204 -
::1 - - [30/Nov/2023:01:57:16 +0000] "GET /api/auth0/ HTTP/1.1" 302 540
::1 - - [30/Nov/2023:01:57:28 +0000] "POST /api/auth/login HTTP/1.1" 401 23
::1 - - [30/Nov/2023:01:57:55 +0000] "GET /api/auth/external/google/login HTTP/1.1" 302 660
::1 - - [30/Nov/2023:01:58:16 +0000] "GET /api/auth/external/google/callback/login?state=ox8j0lkFylU05G11XV6XL3OMRq5gleJT&code=4%2F0AfJohXmBGqkTs6ezPMaRmzHwsu5sYrPblhjarQhNPFcvKJfq-Xb5gF9q_7IhkA3cIMOx6g&scope=email+profile+openid+https%3A%2F%2Fwww.googleapis.com%2Fauth%2Fuserinfo.email+https%3A%2F%2Fwww.googleapis.com%2Fauth%2Fuserinfo.profile&authuser=2&prompt=consent HTTP/1.1" 302 640
::1 - - [30/Nov/2023:02:02:22 +0000] "GET /api/auth/external/google/login HTTP/1.1" 302 660
::1 - - [30/Nov/2023:02:02:27 +0000] "GET /api/auth/external/google/callback/login?state=W29pilCsNE2HUBiBM5NUSTEdupAzCxjg&code=4%2F0AfJohXnTZewvsaybVM-mZ6I7gEmcR686eaWiq1EqwTUidBo53avLTPPTmfMpphf7TjDkpw&scope=email+profile+openid+https%3A%2F%2Fwww.googleapis.com%2Fauth%2Fuserinfo.email+https%3A%2F%2Fwww.googleapis.com%2Fauth%2Fuserinfo.profile&authuser=0&prompt=consent HTTP/1.1" 302 620
::1 - - [30/Nov/2023:02:03:00 +0000] "GET /api/auth/logout HTTP/1.1" 204 -
::1 - - [02/Dec/2023:11:21:56 +0000] "POST /api/auth/login HTTP/1.1" 200 225
::1 - - [02/Dec/2023:11:21:56 +0000] "GET /api/budgets/?month=3&year=2020 HTTP/1.1" 200 2
::1 - - [02/Dec/2023:11:21:56 +0000] "GET /api/budget-summary/?month=3&year=2020 HTTP/1.1" 404 34
::1 - - [02/Dec/2023:11:22:04 +0000] "GET /api/auth/logout HTTP/1.1" 204 -
::1 - - [02/Dec/2023:11:22:07 +0000] "GET /api/auth/external/google/login HTTP/1.1" 302 660
::1 - - [02/Dec/2023:11:22:15 +0000] "GET /api/auth/external/google/callback/login?state=Wo76e7eGgAHnxIUmImVrcWjyI9MzVqOa&code=4%2F0AfJohXnXHIU-i7HLzexejs9OrYUjewpGs0fDACJHQd1sF_EYLFiNpjwjZgQLkZmfzLwMjg&scope=email+profile+openid+https%3A%2F%2Fwww.googleapis.com%2Fauth%2Fuserinfo.email+https%3A%2F%2Fwww.googleapis.com%2Fauth%2Fuserinfo.profile&authuser=1&prompt=consent HTTP/1.1" 302 608
::1 - - [02/Dec/2023:11:28:49 +0000] "GET /api/auth/logout HTTP/1.1" 204 -
::1 - - [02/Dec/2023:14:53:47 +0000] "GET /api/auth/external/google/login HTTP/1.1" 302 660
::1 - - [02/Dec/2023:14:53:53 +0000] "GET /api/auth/external/google/callback/login?state=fmCAaYRT2yKZZPXujSGCpeEGXiNXvxqe&code=4%2F0AfJohXmIodY7PBslsPDI4w1Y3ZMk1z2tR66WKIXrCVz2FutKjq6kN1FsTD9ChvnG28Dhdg&scope=email+profile+openid+https%3A%2F%2Fwww.googleapis.com%2Fauth%2Fuserinfo.email+https%3A%2F%2Fwww.googleapis.com%2Fauth%2Fuserinfo.profile&authuser=1&prompt=consent HTTP/1.1" 302 608
::1 - - [02/Dec/2023:15:14:30 +0000] "GET /api/expenses/?month=3&year=2020 HTTP/1.1" 401 -
::1 - - [02/Dec/2023:15:14:30 +0000] "GET /api/expense-categories HTTP/1.1" 401 -
::1 - - [02/Dec/2023:15:14:34 +0000] "GET /api/auth/external/google/login HTTP/1.1" 302 660
::1 - - [02/Dec/2023:15:14:39 +0000] "GET /api/auth/external/google/callback/login?state=uFFAywf3sRIPGOpQIU5ZYNaiym9G5phL&code=4%2F0AfJohXm7UfdhMHlVIWDienOK7QrGI-Ge1RF-0XWw7l3rnY3lw1LrCC1gGmVRHm8tuRWXTg&scope=email+profile+openid+https%3A%2F%2Fwww.googleapis.com%2Fauth%2Fuserinfo.email+https%3A%2F%2Fwww.googleapis.com%2Fauth%2Fuserinfo.profile&authuser=1&prompt=consent HTTP/1.1" 302 608
::1 - - [02/Dec/2023:15:14:50 +0000] "GET /api/budget-summary/?month=3&year=2020 HTTP/1.1" 404 34
::1 - - [02/Dec/2023:15:14:50 +0000] "GET /api/budgets/?month=3&year=2020 HTTP/1.1" 200 2
::1 - - [02/Dec/2023:15:14:57 +0000] "GET /api/expense-categories HTTP/1.1" 200 217
::1 - - [02/Dec/2023:15:14:57 +0000] "GET /api/expenses/?month=3&year=2020 HTTP/1.1" 200 955
::1 - - [02/Dec/2023:15:15:03 +0000] "GET /api/expenses/?month=3&year=2020&categoryName= HTTP/1.1" 200 955
::1 - - [02/Dec/2023:15:15:06 +0000] "GET /api/users HTTP/1.1" 200 91
::1 - - [02/Dec/2023:15:15:09 +0000] "GET /api/expense-categories HTTP/1.1" 200 217
::1 - - [02/Dec/2023:15:16:21 +0000] "GET /api/users HTTP/1.1" 200 91
::1 - - [02/Dec/2023:16:02:10 +0000] "GET /api/auth/logout HTTP/1.1" 204 -
192.168.32.1 - - [04/Dec/2023:09:50:20 +0000] "POST /api/auth/login HTTP/1.1" 200 225
192.168.32.1 - - [04/Dec/2023:09:50:20 +0000] "GET /api/budgets/?month=3&year=2020 HTTP/1.1" 200 2
192.168.32.1 - - [04/Dec/2023:09:50:20 +0000] "GET /api/budget-summary/?month=3&year=2020 HTTP/1.1" 404 34
192.168.32.1 - - [04/Dec/2023:13:56:32 +0000] "GET / HTTP/1.1" 404 139
192.168.32.1 - - [04/Dec/2023:13:56:38 +0000] "GET /index HTTP/1.1" 404 144
192.168.32.1 - - [04/Dec/2023:13:56:45 +0000] "GET /login HTTP/1.1" 404 144
192.168.32.1 - - [04/Dec/2023:13:57:27 +0000] "GET /api/auth HTTP/1.1" 401 -
192.168.32.1 - - [04/Dec/2023:13:57:28 +0000] "GET /favicon.ico HTTP/1.1" 404 150
192.168.32.1 - - [04/Dec/2023:13:57:34 +0000] "GET /api HTTP/1.1" 401 -
192.168.32.1 - - [04/Dec/2023:14:06:04 +0000] "GET /api HTTP/1.1" 401 -
192.168.32.1 - - [04/Dec/2023:14:06:07 +0000] "GET /api HTTP/1.1" 401 -
127.0.0.1 - - [04/Dec/2023:14:53:18 +0000] "GET / HTTP/1.1" 404 139
127.0.0.1 - - [04/Dec/2023:14:53:23 +0000] "GET /api HTTP/1.1" 401 -
127.0.0.1 - - [04/Dec/2023:14:53:23 +0000] "GET /favicon.ico HTTP/1.1" 404 150
192.168.1.7 - - [04/Dec/2023:15:27:34 +0000] "GET /api HTTP/1.1" 401 -
192.168.1.7 - - [04/Dec/2023:15:27:35 +0000] "GET /favicon.ico HTTP/1.1" 404 150
192.168.1.4 - - [05/Dec/2023:01:38:20 +0000] "OPTIONS /login HTTP/1.1" 204 0
192.168.1.4 - - [05/Dec/2023:01:38:21 +0000] "POST /login HTTP/1.1" 404 145
192.168.1.4 - - [05/Dec/2023:01:41:11 +0000] "GET /login HTTP/1.1" 404 144
192.168.1.4 - - [05/Dec/2023:01:41:46 +0000] "GET /login HTTP/1.1" 404 144
192.168.1.4 - - [05/Dec/2023:02:00:38 +0000] "OPTIONS /login HTTP/1.1" 204 0
192.168.1.4 - - [05/Dec/2023:02:00:38 +0000] "POST /login HTTP/1.1" 404 145
192.168.1.4 - - [05/Dec/2023:02:03:45 +0000] "OPTIONS /login HTTP/1.1" 204 0
192.168.1.4 - - [05/Dec/2023:02:03:45 +0000] "POST /login HTTP/1.1" 404 145
192.168.1.4 - - [05/Dec/2023:02:12:35 +0000] "OPTIONS /api/auth/login HTTP/1.1" 204 0
192.168.1.4 - - [05/Dec/2023:02:12:35 +0000] "POST /api/auth/login HTTP/1.1" 200 225
192.168.1.4 - - [05/Dec/2023:02:12:35 +0000] "OPTIONS /api/budgets/?month=3&year=2020 HTTP/1.1" 204 0
192.168.1.4 - - [05/Dec/2023:02:12:35 +0000] "OPTIONS /api/budget-summary/?month=3&year=2020 HTTP/1.1" 204 0
192.168.1.4 - - [05/Dec/2023:02:12:35 +0000] "GET /api/budgets/?month=3&year=2020 HTTP/1.1" 200 2
192.168.1.4 - - [05/Dec/2023:02:12:35 +0000] "GET /api/budget-summary/?month=3&year=2020 HTTP/1.1" 404 34
192.168.1.4 - - [05/Dec/2023:02:37:23 +0000] "OPTIONS /api/budget-summary/?month=3&year=2020 HTTP/1.1" 204 0
192.168.1.4 - - [05/Dec/2023:02:37:23 +0000] "OPTIONS /api/budgets/?month=3&year=2020 HTTP/1.1" 204 0
192.168.1.4 - - [05/Dec/2023:02:37:23 +0000] "GET /api/budget-summary/?month=3&year=2020 HTTP/1.1" 401 -
192.168.1.4 - - [05/Dec/2023:02:37:23 +0000] "GET /api/budgets/?month=3&year=2020 HTTP/1.1" 401 -
192.168.1.4 - - [05/Dec/2023:02:37:48 +0000] "OPTIONS /api/auth/login HTTP/1.1" 204 0
192.168.1.4 - - [05/Dec/2023:02:37:48 +0000] "POST /api/auth/login HTTP/1.1" 200 225
192.168.1.4 - - [05/Dec/2023:02:37:48 +0000] "OPTIONS /api/budgets/?month=3&year=2020 HTTP/1.1" 204 0
192.168.1.4 - - [05/Dec/2023:02:37:48 +0000] "OPTIONS /api/budget-summary/?month=3&year=2020 HTTP/1.1" 204 0
192.168.1.4 - - [05/Dec/2023:02:37:48 +0000] "GET /api/budgets/?month=3&year=2020 HTTP/1.1" 200 2
192.168.1.4 - - [05/Dec/2023:02:37:48 +0000] "GET /api/budget-summary/?month=3&year=2020 HTTP/1.1" 404 34
192.168.1.7 - - [05/Dec/2023:02:41:28 +0000] "GET /api HTTP/1.1" 401 -
192.168.1.7 - - [05/Dec/2023:02:41:29 +0000] "GET /favicon.ico HTTP/1.1" 404 150
192.168.1.4 - - [05/Dec/2023:13:23:49 +0000] "OPTIONS /api/auth/login HTTP/1.1" 204 0
192.168.1.4 - - [05/Dec/2023:13:23:49 +0000] "POST /api/auth/login HTTP/1.1" 401 23
192.168.1.4 - - [05/Dec/2023:13:53:42 +0000] "OPTIONS /api/auth/login HTTP/1.1" 204 0
192.168.1.4 - - [05/Dec/2023:13:53:42 +0000] "POST /api/auth/login HTTP/1.1" 200 225
192.168.1.4 - - [05/Dec/2023:13:53:42 +0000] "OPTIONS /api/budgets/?month=3&year=2020 HTTP/1.1" 204 0
192.168.1.4 - - [05/Dec/2023:13:53:42 +0000] "OPTIONS /api/budget-summary/?month=3&year=2020 HTTP/1.1" 204 0
192.168.1.4 - - [05/Dec/2023:13:53:42 +0000] "GET /api/budgets/?month=3&year=2020 HTTP/1.1" 200 2
192.168.1.4 - - [05/Dec/2023:13:53:42 +0000] "GET /api/budget-summary/?month=3&year=2020 HTTP/1.1" 404 34
192.168.1.4 - - [05/Dec/2023:15:14:41 +0000] "OPTIONS /api/auth/login HTTP/1.1" 204 0
192.168.1.4 - - [05/Dec/2023:15:14:42 +0000] "POST /api/auth/login HTTP/1.1" 200 225
192.168.1.4 - - [05/Dec/2023:15:14:42 +0000] "OPTIONS /api/budgets/?month=3&year=2020 HTTP/1.1" 204 0
192.168.1.4 - - [05/Dec/2023:15:14:42 +0000] "OPTIONS /api/budget-summary/?month=3&year=2020 HTTP/1.1" 204 0
192.168.1.4 - - [05/Dec/2023:15:14:42 +0000] "GET /api/budgets/?month=3&year=2020 HTTP/1.1" 200 2
192.168.1.4 - - [05/Dec/2023:15:14:42 +0000] "GET /api/budget-summary/?month=3&year=2020 HTTP/1.1" 404 34
192.168.1.7 - - [05/Dec/2023:15:55:03 +0000] "GET /api HTTP/1.1" 401 -
192.168.1.7 - - [05/Dec/2023:15:55:04 +0000] "GET /favicon.ico HTTP/1.1" 404 150
192.168.1.7 - - [05/Dec/2023:15:55:19 +0000] "GET /api/auth/login HTTP/1.1" 401 -
192.168.1.7 - - [05/Dec/2023:15:58:56 +0000] "GET /api/auth/login HTTP/1.1" 401 -
192.168.1.4 - - [07/Dec/2023:15:52:09 +0000] "OPTIONS /api/auth/login HTTP/1.1" 204 0
192.168.1.4 - - [07/Dec/2023:15:52:10 +0000] "POST /api/auth/login HTTP/1.1" 200 225
192.168.1.4 - - [07/Dec/2023:15:52:10 +0000] "OPTIONS /api/budgets/?month=3&year=2020 HTTP/1.1" 204 0
192.168.1.4 - - [07/Dec/2023:15:52:10 +0000] "OPTIONS /api/budget-summary/?month=3&year=2020 HTTP/1.1" 204 0
192.168.1.4 - - [07/Dec/2023:15:52:10 +0000] "GET /api/budgets/?month=3&year=2020 HTTP/1.1" 200 2
192.168.1.4 - - [07/Dec/2023:15:52:10 +0000] "GET /api/budget-summary/?month=3&year=2020 HTTP/1.1" 404 34
192.168.1.4 - - [07/Dec/2023:16:08:30 +0000] "OPTIONS /api/auth/login HTTP/1.1" 204 0
192.168.1.4 - - [07/Dec/2023:16:08:30 +0000] "POST /api/auth/login HTTP/1.1" 200 225
192.168.1.4 - - [07/Dec/2023:16:08:30 +0000] "OPTIONS /api/budgets/?month=3&year=2020 HTTP/1.1" 204 0
192.168.1.4 - - [07/Dec/2023:16:08:30 +0000] "OPTIONS /api/budget-summary/?month=3&year=2020 HTTP/1.1" 204 0
192.168.1.4 - - [07/Dec/2023:16:08:30 +0000] "GET /api/budgets/?month=3&year=2020 HTTP/1.1" 200 2
192.168.1.4 - - [07/Dec/2023:16:08:30 +0000] "GET /api/budget-summary/?month=3&year=2020 HTTP/1.1" 404 34
192.168.1.5 - - [07/Dec/2023:16:47:37 +0000] "OPTIONS /api/auth/login HTTP/1.1" 204 0
192.168.1.5 - - [07/Dec/2023:16:47:37 +0000] "POST /api/auth/login HTTP/1.1" 200 225
192.168.1.5 - - [07/Dec/2023:16:47:37 +0000] "OPTIONS /api/budgets/?month=3&year=2020 HTTP/1.1" 204 0
192.168.1.5 - - [07/Dec/2023:16:47:37 +0000] "OPTIONS /api/budget-summary/?month=3&year=2020 HTTP/1.1" 204 0
192.168.1.5 - - [07/Dec/2023:16:47:37 +0000] "GET /api/budgets/?month=3&year=2020 HTTP/1.1" 200 2
192.168.1.5 - - [07/Dec/2023:16:47:38 +0000] "GET /api/budget-summary/?month=3&year=2020 HTTP/1.1" 404 34
192.168.1.4 - - [08/Dec/2023:02:25:22 +0000] "OPTIONS /api/auth/login HTTP/1.1" 204 0
192.168.1.4 - - [08/Dec/2023:02:25:22 +0000] "POST /api/auth/login HTTP/1.1" 401 23
192.168.1.4 - - [08/Dec/2023:02:34:57 +0000] "OPTIONS /api/auth/login HTTP/1.1" 204 0
192.168.1.4 - - [08/Dec/2023:02:34:58 +0000] "OPTIONS /api/auth/login HTTP/1.1" 204 0
192.168.1.4 - - [08/Dec/2023:02:34:58 +0000] "POST /api/auth/login HTTP/1.1" 401 23
192.168.1.4 - - [08/Dec/2023:02:34:58 +0000] "POST /api/auth/login HTTP/1.1" 200 225
192.168.1.4 - - [08/Dec/2023:02:34:58 +0000] "OPTIONS /api/budgets/?month=3&year=2020 HTTP/1.1" 204 0
192.168.1.4 - - [08/Dec/2023:02:34:58 +0000] "OPTIONS /api/budget-summary/?month=3&year=2020 HTTP/1.1" 204 0
192.168.1.4 - - [08/Dec/2023:02:34:58 +0000] "GET /api/budgets/?month=3&year=2020 HTTP/1.1" 200 2
192.168.1.4 - - [08/Dec/2023:02:34:58 +0000] "GET /api/budget-summary/?month=3&year=2020 HTTP/1.1" 404 34
192.168.1.4 - - [08/Dec/2023:02:43:12 +0000] "OPTIONS /api/auth/login HTTP/1.1" 204 0
192.168.1.4 - - [08/Dec/2023:02:43:12 +0000] "POST /api/auth/login HTTP/1.1" 401 23
192.168.1.4 - - [08/Dec/2023:02:57:56 +0000] "OPTIONS /api/auth/login HTTP/1.1" 204 0
192.168.1.4 - - [08/Dec/2023:02:57:56 +0000] "POST /api/auth/login HTTP/1.1" 401 23
192.168.1.4 - - [08/Dec/2023:03:01:01 +0000] "OPTIONS /api/auth/login HTTP/1.1" 204 0
192.168.1.4 - - [08/Dec/2023:03:01:01 +0000] "POST /api/auth/login HTTP/1.1" 401 23
192.168.1.4 - - [08/Dec/2023:03:04:15 +0000] "POST /api/auth/login HTTP/1.1" 401 23
192.168.1.4 - - [08/Dec/2023:03:09:52 +0000] "POST /api/auth/login HTTP/1.1" 401 23
192.168.1.4 - - [08/Dec/2023:03:18:10 +0000] "POST /api/auth/login HTTP/1.1" 401 23
192.168.1.4 - - [08/Dec/2023:03:18:35 +0000] "POST /api/auth/login HTTP/1.1" 401 23
192.168.1.4 - - [08/Dec/2023:03:40:44 +0000] "POST /api/auth/login HTTP/1.1" 401 23
192.168.1.4 - - [08/Dec/2023:03:44:04 +0000] "POST /api/auth/login HTTP/1.1" 401 23
192.168.1.4 - - [08/Dec/2023:05:19:42 +0000] "POST /api/auth/login HTTP/1.1" 401 23
192.168.1.4 - - [08/Dec/2023:05:47:18 +0000] "POST /api/auth/login HTTP/1.1" 401 23
192.168.1.5 - - [08/Dec/2023:05:58:47 +0000] "OPTIONS /api/budgets/?month=3&year=2020 HTTP/1.1" 204 0
192.168.1.5 - - [08/Dec/2023:05:58:47 +0000] "OPTIONS /api/budget-summary/?month=3&year=2020 HTTP/1.1" 204 0
192.168.1.5 - - [08/Dec/2023:05:58:47 +0000] "GET /api/budget-summary/?month=3&year=2020 HTTP/1.1" 401 -
192.168.1.5 - - [08/Dec/2023:05:58:47 +0000] "GET /api/budgets/?month=3&year=2020 HTTP/1.1" 401 -
192.168.1.5 - - [08/Dec/2023:05:59:27 +0000] "POST /api/auth/login HTTP/1.1" 401 23
192.168.1.5 - - [08/Dec/2023:06:00:11 +0000] "POST /api/auth/login HTTP/1.1" 401 23
192.168.1.5 - - [08/Dec/2023:07:05:15 +0000] "GET /api/auth/user HTTP/1.1" 200 -
192.168.1.5 - - [08/Dec/2023:08:26:46 +0000] "GET /api/auth/user HTTP/1.1" 200 -
192.168.1.5 - - [08/Dec/2023:08:40:59 +0000] "GET /api/auth/user HTTP/1.1" 200 -
192.168.1.5 - - [08/Dec/2023:08:41:17 +0000] "POST /api/auth/login HTTP/1.1" 401 23
192.168.1.5 - - [08/Dec/2023:08:41:17 +0000] "GET /api/auth/user HTTP/1.1" 200 -
192.168.1.5 - - [08/Dec/2023:08:42:50 +0000] "POST /api/auth/login HTTP/1.1" 401 23
192.168.1.5 - - [08/Dec/2023:08:42:50 +0000] "GET /api/auth/user HTTP/1.1" 200 -
192.168.1.5 - - [08/Dec/2023:10:22:51 +0000] "GET /api/auth/user HTTP/1.1" 200 -
192.168.1.5 - - [08/Dec/2023:10:23:43 +0000] "POST /api/auth/login HTTP/1.1" 401 23
192.168.1.5 - - [08/Dec/2023:10:23:43 +0000] "GET /api/auth/user HTTP/1.1" 200 -
192.168.1.3 - - [08/Dec/2023:10:35:46 +0000] "GET /api HTTP/1.1" 401 -
192.168.1.3 - - [08/Dec/2023:10:35:47 +0000] "GET /favicon.ico HTTP/1.1" 404 150
192.168.1.3 - - [08/Dec/2023:10:45:59 +0000] "POST /api/auth/login HTTP/1.1" 401 23
192.168.1.3 - - [08/Dec/2023:10:55:30 +0000] "POST /api/auth/login HTTP/1.1" 401 30
192.168.1.3 - - [08/Dec/2023:11:19:38 +0000] "POST /api/auth/login HTTP/1.1" 401 30
192.168.1.3 - - [08/Dec/2023:11:23:36 +0000] "POST /api/auth/login HTTP/1.1" 401 30
192.168.1.3 - - [08/Dec/2023:11:28:08 +0000] "POST /api/auth/login HTTP/1.1" 401 30
192.168.1.3 - - [08/Dec/2023:11:34:08 +0000] "POST /api/auth/login HTTP/1.1" 401 30
192.168.1.3 - - [08/Dec/2023:11:41:45 +0000] "POST /api/auth/login HTTP/1.1" 401 39
192.168.1.3 - - [08/Dec/2023:11:50:13 +0000] "POST /api/auth/login HTTP/1.1" 401 39
192.168.1.3 - - [08/Dec/2023:12:09:35 +0000] "POST /api/auth/login HTTP/1.1" 401 39
192.168.1.3 - - [08/Dec/2023:12:13:07 +0000] "POST /api/auth/login HTTP/1.1" 401 39
192.168.1.3 - - [08/Dec/2023:12:24:07 +0000] "OPTIONS /api/auth/login HTTP/1.1" 204 0
192.168.1.3 - - [08/Dec/2023:12:24:08 +0000] "POST /api/auth/login HTTP/1.1" 200 245
192.168.1.3 - - [08/Dec/2023:12:39:35 +0000] "OPTIONS /api/auth/login HTTP/1.1" 204 0
192.168.1.3 - - [08/Dec/2023:12:39:35 +0000] "POST /api/auth/login HTTP/1.1" 200 245
192.168.1.3 - - [08/Dec/2023:12:39:36 +0000] "OPTIONS /api/budgets/?month=3&year=2020 HTTP/1.1" 204 0
192.168.1.3 - - [08/Dec/2023:12:39:36 +0000] "OPTIONS /api/budget-summary/?month=3&year=2020 HTTP/1.1" 204 0
192.168.1.3 - - [08/Dec/2023:12:39:36 +0000] "GET /api/budgets/?month=3&year=2020 HTTP/1.1" 200 188
192.168.1.3 - - [08/Dec/2023:12:39:36 +0000] "GET /api/budget-summary/?month=3&year=2020 HTTP/1.1" 200 88
192.168.1.3 - - [08/Dec/2023:12:40:08 +0000] "OPTIONS /api/expense-categories HTTP/1.1" 204 0
192.168.1.3 - - [08/Dec/2023:12:40:08 +0000] "GET /api/expense-categories HTTP/1.1" 200 215
192.168.1.3 - - [08/Dec/2023:12:40:08 +0000] "OPTIONS /api/expenses/?month=3&year=2020 HTTP/1.1" 204 0
192.168.1.3 - - [08/Dec/2023:12:40:08 +0000] "GET /api/expenses/?month=3&year=2020 HTTP/1.1" 401 -
192.168.1.3 - - [08/Dec/2023:12:40:15 +0000] "OPTIONS /api/users HTTP/1.1" 204 0
192.168.1.3 - - [08/Dec/2023:12:40:16 +0000] "GET /api/users HTTP/1.1" 200 166
192.168.1.3 - - [08/Dec/2023:12:40:22 +0000] "OPTIONS /api/expense-categories HTTP/1.1" 204 0
192.168.1.3 - - [08/Dec/2023:12:40:22 +0000] "GET /api/expense-categories HTTP/1.1" 200 215
192.168.1.3 - - [08/Dec/2023:12:40:30 +0000] "OPTIONS /api/expense-categories HTTP/1.1" 204 0
192.168.1.3 - - [08/Dec/2023:12:40:30 +0000] "OPTIONS /api/expenses/?month=3&year=2020 HTTP/1.1" 204 0
192.168.1.3 - - [08/Dec/2023:12:40:30 +0000] "GET /api/expense-categories HTTP/1.1" 200 215
192.168.1.3 - - [08/Dec/2023:12:40:30 +0000] "GET /api/expenses/?month=3&year=2020 HTTP/1.1" 401 -
192.168.1.3 - - [08/Dec/2023:12:40:50 +0000] "OPTIONS /api/budgets/?month=3&year=2020 HTTP/1.1" 204 0
192.168.1.3 - - [08/Dec/2023:12:40:50 +0000] "OPTIONS /api/budget-summary/?month=3&year=2020 HTTP/1.1" 204 0
192.168.1.3 - - [08/Dec/2023:12:40:50 +0000] "GET /api/budget-summary/?month=3&year=2020 HTTP/1.1" 200 88
192.168.1.3 - - [08/Dec/2023:12:40:50 +0000] "GET /api/budgets/?month=3&year=2020 HTTP/1.1" 200 188
192.168.1.3 - - [08/Dec/2023:13:05:12 +0000] "OPTIONS /api/auth/login HTTP/1.1" 204 0
192.168.1.3 - - [08/Dec/2023:13:05:13 +0000] "POST /api/auth/login HTTP/1.1" 200 245
192.168.1.3 - - [08/Dec/2023:13:05:13 +0000] "OPTIONS /api/budgets/?month=3&year=2020 HTTP/1.1" 204 0
192.168.1.3 - - [08/Dec/2023:13:05:13 +0000] "OPTIONS /api/budget-summary/?month=3&year=2020 HTTP/1.1" 204 0
192.168.1.3 - - [08/Dec/2023:13:05:13 +0000] "GET /api/budgets/?month=3&year=2020 HTTP/1.1" 200 188
192.168.1.3 - - [08/Dec/2023:13:05:13 +0000] "GET /api/budget-summary/?month=3&year=2020 HTTP/1.1" 200 88
